        -:    0:Source:SRC/place.c
        -:    0:Graph:OBJ/place.gcno
        -:    0:Data:OBJ/place.gcda
        -:    0:Runs:3
        -:    0:Programs:1
        -:    0:Source is newer than graph
        -:    1:/*#include <stdlib.h> */
        -:    2:#include <stdio.h>
        -:    3:#include <math.h>
        -:    4:#include <assert.h>
        -:    5:#include "util.h"
        -:    6:#include "vpr_types.h"
        -:    7:#include "globals.h"
        -:    8:#include "mst.h"
        -:    9:#include "place.h"
        -:   10:#include "read_place.h"
        -:   11:#include "draw.h"
        -:   12:#include "place_and_route.h"
        -:   13:#include "net_delay.h"
        -:   14:#include "path_delay.h"
        -:   15:#include "timing_place_lookup.h"
        -:   16:#include "timing_place.h"
        -:   17:#include "place_stats.h"
        -:   18:
        -:   19:/************** Types and defines local to place.c ***************************/
        -:   20:
        -:   21:#define SMALL_NET 4		/* Cut off for incremental bounding box updates. */
        -:   22:/* 4 is fastest -- I checked.                    */
        -:   23:
        -:   24:
        -:   25:/* For comp_cost.  NORMAL means use the method that generates updateable  *
        -:   26: * bounding boxes for speed.  CHECK means compute all bounding boxes from *
        -:   27: * scratch using a very simple routine to allow checks of the other       *
        -:   28: * costs.                                                                 */
        -:   29:
        -:   30:enum cost_methods
        -:   31:{ NORMAL, CHECK };
        -:   32:
        -:   33:#define FROM 0			/* What block connected to a net has moved? */
        -:   34:#define TO 1
        -:   35:#define FROM_AND_TO 2
        -:   36:
        -:   37:#define ERROR_TOL .0025
        -:   38:#define MAX_MOVES_BEFORE_RECOMPUTE 50000
        -:   39:
        -:   40:/********************** Variables local to place.c ***************************/
        -:   41:
        -:   42:/* [0..num_nets-1]  0 if net never connects to the same block more than  *
        -:   43: *  once, otherwise it gives the number of duplicate connections.        */
        -:   44:
        -:   45:static int *duplicate_pins;
        -:   46:
        -:   47:/* [0..num_nets-1][0..num_unique_blocks-1]  Contains a list of blocks with *
        -:   48: * no duplicated blocks for ONLY those nets that had duplicates.           */
        -:   49:
        -:   50:static int **unique_pin_list;
        -:   51:
        -:   52:/* Cost of a net, and a temporary cost of a net used during move assessment. */
        -:   53:
        -:   54:static float *net_cost = NULL, *temp_net_cost = NULL;	/* [0..num_nets-1] */
        -:   55:
        -:   56:/* [0..num_nets-1][1..num_pins-1]. What is the value of the timing   */
        -:   57:/* driven portion of the cost function. These arrays will be set to  */
        -:   58:/* (criticality * delay) for each point to point connection. */
        -:   59:static float **point_to_point_timing_cost = NULL;
        -:   60:static float **temp_point_to_point_timing_cost = NULL;
        -:   61:
        -:   62:
        -:   63:
        -:   64:/* [0..num_nets-1][1..num_pins-1]. What is the value of the delay */
        -:   65:/* for each connection in the circuit */
        -:   66:static float **point_to_point_delay_cost = NULL;
        -:   67:static float **temp_point_to_point_delay_cost = NULL;
        -:   68:
        -:   69:
        -:   70:/* [0..num_blocks-1][0..pins_per_clb-1]. Indicates which pin on the net */
        -:   71:/* this block corresponds to, this is only required during timing-driven */
        -:   72:/* placement. It is used to allow us to update individual connections on */
        -:   73:/* each net */
        -:   74:static int **net_pin_index = NULL;
        -:   75:
        -:   76:
        -:   77:/* [0..num_nets-1].  Store the bounding box coordinates and the number of    *
        -:   78: * blocks on each of a net's bounding box (to allow efficient updates),      *
        -:   79: * respectively.                                                             */
        -:   80:
        -:   81:static struct s_bb *bb_coords = NULL, *bb_num_on_edges = NULL;
        -:   82:
        -:   83:/* Stores the maximum and expected occupancies, plus the cost, of each   *
        -:   84: * region in the placement.  Used only by the NONLINEAR_CONG cost        *
        -:   85: * function.  [0..num_region-1][0..num_region-1].  Place_region_x and    *
        -:   86: * y give the situation for the x and y directed channels, respectively. */
        -:   87:
        -:   88:static struct s_place_region **place_region_x, **place_region_y;
        -:   89:
        -:   90:/* Used only with nonlinear congestion.  [0..num_regions].            */
        -:   91:
        -:   92:static float *place_region_bounds_x, *place_region_bounds_y;
        -:   93:
        -:   94:/* The arrays below are used to precompute the inverse of the average   *
        -:   95: * number of tracks per channel between [subhigh] and [sublow].  Access *
        -:   96: * them as chan?_place_cost_fac[subhigh][sublow].  They are used to     *
        -:   97: * speed up the computation of the cost function that takes the length  *
        -:   98: * of the net bounding box in each dimension, divided by the average    *
        -:   99: * number of tracks in that direction; for other cost functions they    *
        -:  100: * will never be used.                                                  */
        -:  101:
        -:  102:static float **chanx_place_cost_fac, **chany_place_cost_fac;
        -:  103:
        -:  104:
        -:  105:/* Expected crossing counts for nets with different #'s of pins.  From *
        -:  106: * ICCAD 94 pp. 690 - 695 (with linear interpolation applied by me).   */
        -:  107:
        -:  108:static const float cross_count[50] = {	/* [0..49] */
        -:  109:    1.0, 1.0, 1.0, 1.0828, 1.1536, 1.2206, 1.2823, 1.3385, 1.3991, 1.4493,
        -:  110:    1.4974, 1.5455, 1.5937, 1.6418, 1.6899, 1.7304, 1.7709, 1.8114, 1.8519,
        -:  111:    1.8924,
        -:  112:    1.9288, 1.9652, 2.0015, 2.0379, 2.0743, 2.1061, 2.1379, 2.1698, 2.2016,
        -:  113:    2.2334,
        -:  114:    2.2646, 2.2958, 2.3271, 2.3583, 2.3895, 2.4187, 2.4479, 2.4772, 2.5064,
        -:  115:    2.5356,
        -:  116:    2.5610, 2.5864, 2.6117, 2.6371, 2.6625, 2.6887, 2.7148, 2.7410, 2.7671,
        -:  117:    2.7933
        -:  118:};
        -:  119:
        -:  120:
        -:  121:/********************* Static subroutines local to place.c *******************/
        -:  122:
        -:  123:static void alloc_and_load_unique_pin_list(void);
        -:  124:
        -:  125:static void free_unique_pin_list(void);
        -:  126:
        -:  127:static void alloc_place_regions(int num_regions);
        -:  128:
        -:  129:static void load_place_regions(int num_regions);
        -:  130:
        -:  131:static void free_place_regions(int num_regions);
        -:  132:
        -:  133:static void alloc_and_load_placement_structs(int place_cost_type,
        -:  134:					     int num_regions,
        -:  135:					     float place_cost_exp,
        -:  136:					     float ***old_region_occ_x,
        -:  137:					     float ***old_region_occ_y,
        -:  138:					     struct s_placer_opts
        -:  139:					     placer_opts);
        -:  140:
        -:  141:static void free_placement_structs(int place_cost_type,
        -:  142:				   int num_regions,
        -:  143:				   float **old_region_occ_x,
        -:  144:				   float **old_region_occ_y,
        -:  145:				   struct s_placer_opts placer_opts);
        -:  146:
        -:  147:static void alloc_and_load_for_fast_cost_update(float place_cost_exp);
        -:  148:
        -:  149:static void initial_placement(enum e_pad_loc_type pad_loc_type,
        -:  150:			      char *pad_loc_file);
        -:  151:
        -:  152:static float comp_bb_cost(int method,
        -:  153:			  int place_cost_type,
        -:  154:			  int num_regions);
        -:  155:
        -:  156:static int try_swap(float t,
        -:  157:		    float *cost,
        -:  158:		    float *bb_cost,
        -:  159:		    float *timing_cost,
        -:  160:		    float rlim,
        -:  161:		    int place_cost_type,
        -:  162:		    float **old_region_occ_x,
        -:  163:		    float **old_region_occ_y,
        -:  164:		    int num_regions,
        -:  165:		    boolean fixed_pins,
        -:  166:		    enum e_place_algorithm place_algorithm,
        -:  167:		    float timing_tradeoff,
        -:  168:		    float inverse_prev_bb_cost,
        -:  169:		    float inverse_prev_timing_cost,
        -:  170:		    float *delay_cost,
        -:  171:		    int *x_lookup);
        -:  172:
        -:  173:static void check_place(float bb_cost,
        -:  174:			float timing_cost,
        -:  175:			int place_cost_type,
        -:  176:			int num_regions,
        -:  177:			enum e_place_algorithm place_algorithm,
        -:  178:			float delay_cost);
        -:  179:
        -:  180:static float starting_t(float *cost_ptr,
        -:  181:			float *bb_cost_ptr,
        -:  182:			float *timing_cost_ptr,
        -:  183:			int place_cost_type,
        -:  184:			float **old_region_occ_x,
        -:  185:			float **old_region_occ_y,
        -:  186:			int num_regions,
        -:  187:			boolean fixed_pins,
        -:  188:			struct s_annealing_sched annealing_sched,
        -:  189:			int max_moves,
        -:  190:			float rlim,
        -:  191:			enum e_place_algorithm place_algorithm,
        -:  192:			float timing_tradeoff,
        -:  193:			float inverse_prev_bb_cost,
        -:  194:			float inverse_prev_timing_cost,
        -:  195:			float *delay_cost_ptr);
        -:  196:
        -:  197:
        -:  198:static void update_t(float *t,
        -:  199:		     float std_dev,
        -:  200:		     float rlim,
        -:  201:		     float success_rat,
        -:  202:		     struct s_annealing_sched annealing_sched);
        -:  203:
        -:  204:static void update_rlim(float *rlim,
        -:  205:			float success_rat);
        -:  206:
        -:  207:static int exit_crit(float t,
        -:  208:		     float cost,
        -:  209:		     struct s_annealing_sched annealing_sched);
        -:  210:
        -:  211:static int count_connections(void);
        -:  212:
        -:  213:static void compute_net_pin_index_values(void);
        -:  214:
        -:  215:static double get_std_dev(int n,
        -:  216:			  double sum_x_squared,
        -:  217:			  double av_x);
        -:  218:
        -:  219:static void free_fast_cost_update_structs(void);
        -:  220:
        -:  221:static float recompute_bb_cost(int place_cost_type,
        -:  222:			       int num_regions);
        -:  223:
        -:  224:static float comp_td_point_to_point_delay(int inet,
        -:  225:					  int ipin);
        -:  226:
        -:  227:static void update_td_cost(int b_from,
        -:  228:			   int b_to,
        -:  229:			   int num_of_pins);
        -:  230:
        -:  231:static void comp_delta_td_cost(int b_from,
        -:  232:			       int b_to,
        -:  233:			       int num_of_pins,
        -:  234:			       float *delta_timing,
        -:  235:			       float *delta_delay);
        -:  236:
        -:  237:static void comp_td_costs(float *timing_cost,
        -:  238:			  float *connection_delay_sum);
        -:  239:
        -:  240:static int assess_swap(float delta_c,
        -:  241:		       float t);
        -:  242:
        -:  243:static boolean find_to(int x_from,
        -:  244:		       int y_from,
        -:  245:		       t_type_ptr type,
        -:  246:		       float rlim,
        -:  247:		       int *x_lookup,
        -:  248:		       int *x_to,
        -:  249:		       int *y_to);
        -:  250:
        -:  251:static void get_non_updateable_bb(int inet,
        -:  252:				  struct s_bb *bb_coord_new);
        -:  253:
        -:  254:static void update_bb(int inet,
        -:  255:		      struct s_bb *bb_coord_new,
        -:  256:		      struct s_bb *bb_edge_new,
        -:  257:		      int xold,
        -:  258:		      int yold,
        -:  259:		      int xnew,
        -:  260:		      int ynew);
        -:  261:
        -:  262:static int find_affected_nets(int *nets_to_update,
        -:  263:			      int *net_block_moved,
        -:  264:			      int b_from,
        -:  265:			      int b_to,
        -:  266:			      int num_of_pins);
        -:  267:
        -:  268:static float get_net_cost(int inet,
        -:  269:			  struct s_bb *bb_ptr);
        -:  270:
        -:  271:static float nonlinear_cong_cost(int num_regions);
        -:  272:
        -:  273:static void update_region_occ(int inet,
        -:  274:			      struct s_bb *coords,
        -:  275:			      int add_or_sub,
        -:  276:			      int num_regions);
        -:  277:
        -:  278:static void save_region_occ(float **old_region_occ_x,
        -:  279:			    float **old_region_occ_y,
        -:  280:			    int num_regions);
        -:  281:
        -:  282:static void restore_region_occ(float **old_region_occ_x,
        -:  283:			       float **old_region_occ_y,
        -:  284:			       int num_regions);
        -:  285:
        -:  286:static void get_bb_from_scratch(int inet,
        -:  287:				struct s_bb *coords,
        -:  288:				struct s_bb *num_on_edges);
        -:  289:
        -:  290:static double get_net_wirelength_estimate(int inet,
        -:  291:					  struct s_bb *bbptr);
        -:  292:
        -:  293:/*****************************************************************************/
        -:  294:/* RESEARCH TODO: Bounding Box and rlim need to be redone for heterogeneous to prevent a QoR penalty */
        -:  295:void
function try_place called 2 returned 100% blocks executed 69%
        2:  296:try_place(struct s_placer_opts placer_opts,
        -:  297:	  struct s_annealing_sched annealing_sched,
        -:  298:	  t_chan_width_dist chan_width_dist,
        -:  299:	  struct s_router_opts router_opts,
        -:  300:	  struct s_det_routing_arch det_routing_arch,
        -:  301:	  t_segment_inf * segment_inf,
        -:  302:	  t_timing_inf timing_inf,
        -:  303:	  t_subblock_data * subblock_data_ptr,
        -:  304:	  t_mst_edge *** mst)
        -:  305:{
        -:  306:
        -:  307:    /* Does almost all the work of placing a circuit.  Width_fac gives the   *
        -:  308:     * width of the widest channel.  Place_cost_exp says what exponent the   *
        -:  309:     * width should be taken to when calculating costs.  This allows a       *
        -:  310:     * greater bias for anisotropic architectures.  Place_cost_type          *
        -:  311:     * determines which cost function is used.  num_regions is used only     *
        -:  312:     * the place_cost_type is NONLINEAR_CONG.                                */
        -:  313:
        -:  314:
        -:  315:    int tot_iter, inner_iter, success_sum;
        -:  316:    int move_lim, moves_since_cost_recompute, width_fac;
        -:  317:    float t, success_rat, rlim, d_max, est_crit;
        -:  318:    float cost, timing_cost, bb_cost, new_bb_cost, new_timing_cost;
        -:  319:    float delay_cost, new_delay_cost, place_delay_value;
        -:  320:    float inverse_prev_bb_cost, inverse_prev_timing_cost;
        -:  321:    float oldt;
        -:  322:    double av_cost, av_bb_cost, av_timing_cost, av_delay_cost,
        -:  323:	sum_of_squares, std_dev;
        -:  324:    float **old_region_occ_x, **old_region_occ_y;
        -:  325:    char msg[BUFSIZE];
        -:  326:    boolean fixed_pins;		/* Can pads move or not? */
        -:  327:    int num_connections;
        -:  328:    int inet, ipin, outer_crit_iter_count, inner_crit_iter_count,
        -:  329:	inner_recompute_limit;
        -:  330:    float **net_slack, **net_delay;
        -:  331:    float crit_exponent;
        -:  332:    float first_rlim, final_rlim, inverse_delta_rlim;
        -:  333:    float **remember_net_delay_original_ptr;	/*used to free net_delay if it is re-assigned */
        -:  334:
        -:  335:    int *x_lookup;		/* Used to quickly determine valid swap columns */
        -:  336:
        -:  337:    /* Allocated here because it goes into timing critical code where each memory allocation is expensive */
        2:  338:    x_lookup = my_malloc(nx * sizeof(int));
call    0 returned 100%
        -:  339:
        2:  340:    remember_net_delay_original_ptr = NULL;	/*prevents compiler warning */
        -:  341:
        4:  342:    if(placer_opts.place_algorithm == NET_TIMING_DRIVEN_PLACE ||
branch  0 taken 100% (fallthrough)
branch  1 taken 0%
branch  2 taken 0% (fallthrough)
branch  3 taken 100%
        2:  343:       placer_opts.place_algorithm == PATH_TIMING_DRIVEN_PLACE ||
branch  0 never executed
branch  1 never executed
    #####:  344:       placer_opts.enable_timing_computations)
        -:  345:	{
        -:  346:	    /*do this before the initial placement to avoid messing up the initial placement */
        2:  347:	    alloc_lookups_and_criticalities(chan_width_dist,
call    0 returned 100%
        -:  348:					    router_opts,
        -:  349:					    det_routing_arch,
        -:  350:					    segment_inf,
        -:  351:					    timing_inf,
        -:  352:					    *subblock_data_ptr,
        -:  353:					    &net_delay, &net_slack);
        -:  354:
        2:  355:	    remember_net_delay_original_ptr = net_delay;
        -:  356:
        -:  357:	    /*#define PRINT_LOWER_BOUND */
        -:  358:#ifdef PRINT_LOWER_BOUND
        -:  359:	    /*print the crit_path, assuming delay between blocks that are*
        -:  360:	     *block_dist apart*/
        -:  361:
        -:  362:	    if(placer_opts.block_dist <= nx)
        -:  363:		place_delay_value =
        -:  364:		    delta_clb_to_clb[placer_opts.block_dist][0];
        -:  365:	    else if(placer_opts.block_dist <= ny)
        -:  366:		place_delay_value =
        -:  367:		    delta_clb_to_clb[0][placer_opts.block_dist];
        -:  368:	    else
        -:  369:		place_delay_value = delta_clb_to_clb[nx][ny];
        -:  370:
        -:  371:	    printf("\nLower bound assuming delay of %g\n", place_delay_value);
        -:  372:
        -:  373:	    load_constant_net_delay(net_delay, place_delay_value);
        -:  374:	    load_timing_graph_net_delays(net_delay);
        -:  375:	    d_max = load_net_slack(net_slack, 0);
        -:  376:
        -:  377:#ifdef CREATE_ECHO_FILES
        -:  378:	    print_critical_path("Placement_Lower_Bound.echo");
        -:  379:	    print_sink_delays("Placement_Lower_Bound_Sink_Delays.echo");
        -:  380:#endif /* CREATE_ECHO_FILES */
        -:  381:
        -:  382:	    /*also print sink delays assuming 0 delay between blocks, 
        -:  383:	     * this tells us how much logic delay is on each path */
        -:  384:
        -:  385:	    load_constant_net_delay(net_delay, 0);
        -:  386:	    load_timing_graph_net_delays(net_delay);
        -:  387:	    d_max = load_net_slack(net_slack, 0);
        -:  388:
        -:  389:#ifdef CREATE_ECHO_FILES
        -:  390:	    print_sink_delays("Placement_Logic_Sink_Delays.echo");
        -:  391:#endif /* CREATE_ECHO_FILES */
        -:  392:#endif
        -:  393:
        -:  394:	}
        -:  395:
        2:  396:    width_fac = placer_opts.place_chan_width;
        2:  397:    if(placer_opts.pad_loc_type == FREE)
branch  0 taken 100% (fallthrough)
branch  1 taken 0%
        2:  398:	fixed_pins = FALSE;
        -:  399:    else
    #####:  400:	fixed_pins = TRUE;
        -:  401:
        2:  402:    init_chan(width_fac, chan_width_dist);
call    0 returned 100%
        -:  403:
        2:  404:    alloc_and_load_placement_structs(placer_opts.place_cost_type,
call    0 returned 100%
        -:  405:				     placer_opts.num_regions,
        -:  406:				     placer_opts.place_cost_exp,
        -:  407:				     &old_region_occ_x, &old_region_occ_y,
        -:  408:				     placer_opts);
        -:  409:
        2:  410:    initial_placement(placer_opts.pad_loc_type, placer_opts.pad_loc_file);
call    0 returned 100%
        2:  411:    init_draw_coords((float)width_fac);
call    0 returned 100%
        -:  412:
        -:  413:    /* Storing the number of pins on each type of block makes the swap routine *
        -:  414:     * slightly more efficient.                                                */
        -:  415:
        -:  416:    /* Gets initial cost and loads bounding boxes. */
        -:  417:
        4:  418:    if(placer_opts.place_algorithm == NET_TIMING_DRIVEN_PLACE ||
branch  0 taken 100% (fallthrough)
branch  1 taken 0%
branch  2 taken 100% (fallthrough)
branch  3 taken 0%
        2:  419:       placer_opts.place_algorithm == PATH_TIMING_DRIVEN_PLACE)
        -:  420:	{
        2:  421:	    bb_cost = comp_bb_cost(NORMAL, placer_opts.place_cost_type,
call    0 returned 100%
        -:  422:				   placer_opts.num_regions);
        -:  423:
        2:  424:	    crit_exponent = placer_opts.td_place_exp_first;	/*this will be modified when rlim starts to change */
        -:  425:
        2:  426:	    compute_net_pin_index_values();
call    0 returned 100%
        -:  427:
        2:  428:	    num_connections = count_connections();
call    0 returned 100%
        2:  429:	    printf
call    0 returned 100%
        -:  430:		("\nThere are %d point to point connections in this circuit\n\n",
        -:  431:		 num_connections);
        -:  432:
        2:  433:	    if(placer_opts.place_algorithm == NET_TIMING_DRIVEN_PLACE)
branch  0 taken 0% (fallthrough)
branch  1 taken 100%
        -:  434:		{
    #####:  435:		    for(inet = 0; inet < num_nets; inet++)
branch  0 never executed
branch  1 never executed
    #####:  436:			for(ipin = 1; ipin <= net[inet].num_sinks; ipin++)
branch  0 never executed
branch  1 never executed
    #####:  437:			    timing_place_crit[inet][ipin] = 0;	/*dummy crit values */
        -:  438:
    #####:  439:		    comp_td_costs(&timing_cost, &delay_cost);	/*first pass gets delay_cost, which is used 
call    0 never executed
        -:  440:								 * in criticality computations in the next call
        -:  441:								 * to comp_td_costs. */
    #####:  442:		    place_delay_value = delay_cost / num_connections;	/*used for computing criticalities */
    #####:  443:		    load_constant_net_delay(net_delay, place_delay_value);
call    0 never executed
        -:  444:
        -:  445:		}
        -:  446:	    else
        2:  447:		place_delay_value = 0;
        -:  448:
        -:  449:
        2:  450:	    if(placer_opts.place_algorithm == PATH_TIMING_DRIVEN_PLACE)
branch  0 taken 100% (fallthrough)
branch  1 taken 0%
        -:  451:		{
        2:  452:		    net_delay = point_to_point_delay_cost;	/*this keeps net_delay up to date with      *
        -:  453:								 * *the same values that the placer is using  *
        -:  454:								 * *point_to_point_delay_cost is computed each*
        -:  455:								 * *time that comp_td_costs is called, and is *
        -:  456:								 * *also updated after any swap is accepted   */
        -:  457:		}
        -:  458:
        -:  459:
        2:  460:	    load_timing_graph_net_delays(net_delay);
call    0 returned 100%
        2:  461:	    d_max = load_net_slack(net_slack, 0);
call    0 returned 100%
        2:  462:	    load_criticalities(placer_opts, net_slack, d_max, crit_exponent);
call    0 returned 100%
        2:  463:	    outer_crit_iter_count = 1;
        -:  464:
        -:  465:	    /*now we can properly compute costs  */
        2:  466:	    comp_td_costs(&timing_cost, &delay_cost);	/*also puts proper values into point_to_point_delay_cost */
call    0 returned 100%
        -:  467:
        2:  468:	    inverse_prev_timing_cost = 1 / timing_cost;
        2:  469:	    inverse_prev_bb_cost = 1 / bb_cost;
        2:  470:	    cost = 1;		/*our new cost function uses normalized values of           */
        -:  471:	    /*bb_cost and timing_cost, the value of cost will be reset  */
        -:  472:	    /*to 1 at each temperature when *_TIMING_DRIVEN_PLACE is true */
        -:  473:	}
        -:  474:    else
        -:  475:	{			/*BOUNDING_BOX_PLACE */
    #####:  476:	    cost = bb_cost = comp_bb_cost(NORMAL, placer_opts.place_cost_type,
call    0 never executed
        -:  477:					  placer_opts.num_regions);
    #####:  478:	    timing_cost = 0;
    #####:  479:	    delay_cost = 0;
    #####:  480:	    place_delay_value = 0;
    #####:  481:	    outer_crit_iter_count = 0;
    #####:  482:	    num_connections = 0;
    #####:  483:	    d_max = 0;
    #####:  484:	    crit_exponent = 0;
        -:  485: list line
    #####:  486:	    inverse_prev_timing_cost = 0;	/*inverses not used */
    #####:  487:	    inverse_prev_bb_cost = 0;
        -:  488:	}
        -:  489:
        2:  490:    move_lim = (int)(annealing_sched.inner_num * pow(num_blocks, 1.3333));
        -:  491:
        2:  492:    if(placer_opts.inner_loop_recompute_divider != 0)
branch  0 taken 0% (fallthrough)
branch  1 taken 100%
    #####:  493:	inner_recompute_limit = (int)(0.5 + (float)move_lim /
    #####:  494:				      (float)placer_opts.
        -:  495:				      inner_loop_recompute_divider);
        -:  496:    else			/*don't do an inner recompute */
        2:  497:	inner_recompute_limit = move_lim + 1;
        -:  498:
        -:  499:
        -:  500:    /* Sometimes I want to run the router with a random placement.  Avoid *
        -:  501:     * using 0 moves to stop division by 0 and 0 length vector problems,  *
        -:  502:     * by setting move_lim to 1 (which is still too small to do any       *
        -:  503:     * significant optimization).                                         */
        -:  504:
        2:  505:    if(move_lim <= 0)
branch  0 taken 0% (fallthrough)
branch  1 taken 100%
    #####:  506:	move_lim = 1;
        -:  507:
        2:  508:    rlim = (float)max(nx, ny);
branch  0 taken 0% (fallthrough)
branch  1 taken 100%
        -:  509:
        2:  510:    first_rlim = rlim;		/*used in timing-driven placement for exponent computation */
        2:  511:    final_rlim = 1;
        2:  512:    inverse_delta_rlim = 1 / (first_rlim - final_rlim);
        -:  513:
        4:  514:    t = starting_t(&cost, &bb_cost, &timing_cost,
call    0 returned 100%
        2:  515:		   placer_opts.place_cost_type,
        -:  516:		   old_region_occ_x, old_region_occ_y,
        -:  517:		   placer_opts.num_regions, fixed_pins, annealing_sched,
        -:  518:		   move_lim, rlim, placer_opts.place_algorithm,
        -:  519:		   placer_opts.timing_tradeoff, inverse_prev_bb_cost,
        -:  520:		   inverse_prev_timing_cost, &delay_cost);
        2:  521:    tot_iter = 0;
        2:  522:    moves_since_cost_recompute = 0;
        2:  523:    printf
call    0 returned 100%
        -:  524:	("Initial Placement Cost: %g bb_cost: %g td_cost: %g delay_cost: %g\n\n",
        -:  525:	 cost, bb_cost, timing_cost, delay_cost);
        -:  526:
        -:  527:#ifndef SPEC
        2:  528:    printf
call    0 returned 100%
        -:  529:	("%11s  %10s %11s  %11s  %11s %11s  %11s %9s %8s  %7s  %7s  %10s  %7s\n",
        -:  530:	 "T", "Cost", "Av. BB Cost", "Av. TD Cost", "Av Tot Del",
        -:  531:	 "P to P Del", "d_max", "Ac Rate", "Std Dev", "R limit", "Exp",
        -:  532:	 "Tot. Moves", "Alpha");
        2:  533:    printf
call    0 returned 100%
        -:  534:	("%11s  %10s %11s  %11s  %11s %11s  %11s %9s %8s  %7s  %7s  %10s  %7s\n",
        -:  535:	 "--------", "----------", "-----------", "-----------",
        -:  536:	 "---------", "----------", "-----", "-------", "-------",
        -:  537:	 "-------", "-------", "----------", "-----");
        -:  538:#endif
        -:  539:
        2:  540:    sprintf(msg,
        -:  541:	    "Initial Placement.  Cost: %g  BB Cost: %g  TD Cost %g  Delay Cost: %g "
        -:  542:	    "\t d_max %g Channel Factor: %d", cost, bb_cost, timing_cost,
        -:  543:	    delay_cost, d_max, width_fac);
        2:  544:    update_screen(MAJOR, msg, PLACEMENT, FALSE);
call    0 returned 100%
        -:  545:
      246:  546:    while(exit_crit(t, cost, annealing_sched) == 0)
call    0 returned 100%
branch  1 taken 99%
branch  2 taken 1% (fallthrough)
        -:  547:	{
        -:  548:
      484:  549:	    if(placer_opts.place_algorithm == NET_TIMING_DRIVEN_PLACE ||
branch  0 taken 100% (fallthrough)
branch  1 taken 0%
branch  2 taken 100% (fallthrough)
branch  3 taken 0%
      242:  550:	       placer_opts.place_algorithm == PATH_TIMING_DRIVEN_PLACE)
        -:  551:		{
      242:  552:		    cost = 1;
        -:  553:		}
        -:  554:
      242:  555:	    av_cost = 0.;
      242:  556:	    av_bb_cost = 0.;
      242:  557:	    av_delay_cost = 0.;
      242:  558:	    av_timing_cost = 0.;
      242:  559:	    sum_of_squares = 0.;
      242:  560:	    success_sum = 0;
        -:  561:
      484:  562:	    if(placer_opts.place_algorithm == NET_TIMING_DRIVEN_PLACE ||
branch  0 taken 100% (fallthrough)
branch  1 taken 0%
branch  2 taken 100% (fallthrough)
branch  3 taken 0%
      242:  563:	       placer_opts.place_algorithm == PATH_TIMING_DRIVEN_PLACE)
        -:  564:		{
        -:  565:
      242:  566:		    if(outer_crit_iter_count >=
branch  0 taken 0% (fallthrough)
branch  1 taken 100%
      242:  567:		       placer_opts.recompute_crit_iter
    #####:  568:		       || placer_opts.inner_loop_recompute_divider != 0)
branch  0 never executed
branch  1 never executed
        -:  569:			{
        -:  570:#ifdef VERBOSE
        -:  571:			    printf("Outer Loop Recompute Criticalities\n");
        -:  572:#endif
      242:  573:			    place_delay_value = delay_cost / num_connections;
        -:  574:
      242:  575:			    if(placer_opts.place_algorithm ==
branch  0 taken 0% (fallthrough)
branch  1 taken 100%
        -:  576:			       NET_TIMING_DRIVEN_PLACE)
    #####:  577:				load_constant_net_delay(net_delay,
call    0 never executed
        -:  578:							place_delay_value);
        -:  579:			    /*note, for path_based, the net delay is not updated since it is current,
        -:  580:			     *because it accesses point_to_point_delay array */
        -:  581:
      242:  582:			    load_timing_graph_net_delays(net_delay);
call    0 returned 100%
      242:  583:			    d_max = load_net_slack(net_slack, 0);
call    0 returned 100%
      242:  584:			    load_criticalities(placer_opts, net_slack, d_max,
call    0 returned 100%
        -:  585:					       crit_exponent);
        -:  586:			    /*recompute costs from scratch, based on new criticalities */
      242:  587:			    comp_td_costs(&timing_cost, &delay_cost);
call    0 returned 100%
      242:  588:			    outer_crit_iter_count = 0;
        -:  589:			}
      242:  590:		    outer_crit_iter_count++;
        -:  591:
        -:  592:		    /*at each temperature change we update these values to be used     */
        -:  593:		    /*for normalizing the tradeoff between timing and wirelength (bb)  */
      242:  594:		    inverse_prev_bb_cost = 1 / bb_cost;
      242:  595:		    inverse_prev_timing_cost = 1 / timing_cost;
        -:  596:		}
        -:  597:
      242:  598:	    inner_crit_iter_count = 1;
        -:  599:
  1725702:  600:	    for(inner_iter = 0; inner_iter < move_lim; inner_iter++)
branch  0 taken 99%
branch  1 taken 1% (fallthrough)
        -:  601:		{
  3450920:  602:		    if(try_swap(t, &cost, &bb_cost, &timing_cost,
call    0 returned 100%
branch  1 taken 45% (fallthrough)
branch  2 taken 55%
  1725460:  603:				rlim, placer_opts.place_cost_type,
        -:  604:				old_region_occ_x, old_region_occ_y,
        -:  605:				placer_opts.num_regions, fixed_pins,
        -:  606:				placer_opts.place_algorithm,
        -:  607:				placer_opts.timing_tradeoff,
        -:  608:				inverse_prev_bb_cost,
        -:  609:				inverse_prev_timing_cost, &delay_cost,
        -:  610:				x_lookup) == 1)
        -:  611:			{
   773018:  612:			    success_sum++;
   773018:  613:			    av_cost += cost;
   773018:  614:			    av_bb_cost += bb_cost;
   773018:  615:			    av_timing_cost += timing_cost;
   773018:  616:			    av_delay_cost += delay_cost;
   773018:  617:			    sum_of_squares += cost * cost;
        -:  618:			}
        -:  619:
  1725460:  620:		    if(placer_opts.place_algorithm == NET_TIMING_DRIVEN_PLACE
branch  0 taken 100% (fallthrough)
branch  1 taken 0%
  1725460:  621:		       || placer_opts.place_algorithm ==
branch  0 taken 100% (fallthrough)
branch  1 taken 0%
        -:  622:		       PATH_TIMING_DRIVEN_PLACE)
        -:  623:			{
        -:  624:
  1725460:  625:			    if(inner_crit_iter_count >= inner_recompute_limit
branch  0 taken 0% (fallthrough)
branch  1 taken 100%
    #####:  626:			       && inner_iter != move_lim - 1)
branch  0 never executed
branch  1 never executed
        -:  627:				{	/*on last iteration don't recompute */
        -:  628:
    #####:  629:				    inner_crit_iter_count = 0;
        -:  630:#ifdef VERBOSE
        -:  631:				    printf
        -:  632:					("Inner Loop Recompute Criticalities\n");
        -:  633:#endif
    #####:  634:				    if(placer_opts.place_algorithm ==
branch  0 never executed
branch  1 never executed
        -:  635:				       NET_TIMING_DRIVEN_PLACE)
        -:  636:					{
    #####:  637:					    place_delay_value =
    #####:  638:						delay_cost / num_connections;
    #####:  639:					    load_constant_net_delay(net_delay,
call    0 never executed
        -:  640:								    place_delay_value);
        -:  641:					}
        -:  642:
    #####:  643:				    load_timing_graph_net_delays(net_delay);
call    0 never executed
    #####:  644:				    d_max = load_net_slack(net_slack, 0);
call    0 never executed
    #####:  645:				    load_criticalities(placer_opts, net_slack,
call    0 never executed
        -:  646:						       d_max, crit_exponent);
    #####:  647:				    comp_td_costs(&timing_cost, &delay_cost);
call    0 never executed
        -:  648:				}
  1725460:  649:			    inner_crit_iter_count++;
        -:  650:			}
        -:  651:#ifdef VERBOSE
        -:  652:		    printf
        -:  653:			("t = %g  cost = %g   bb_cost = %g timing_cost = %g move = %d dmax = %g\n",
        -:  654:			 t, cost, bb_cost, timing_cost, inner_iter, d_max);
        -:  655:		    if(fabs
        -:  656:		       (bb_cost -
        -:  657:			comp_bb_cost(CHECK, placer_opts.place_cost_type,
        -:  658:				     placer_opts.num_regions)) >
        -:  659:		       bb_cost * ERROR_TOL)
        -:  660:			exit(1);
        -:  661:#endif
        -:  662:		}
        -:  663:
        -:  664:	    /* Lines below prevent too much round-off error from accumulating *
        -:  665:	     * in the cost over many iterations.  This round-off can lead to  *
        -:  666:	     * error checks failing because the cost is different from what   *
        -:  667:	     * you get when you recompute from scratch.                       */
        -:  668:
      242:  669:	    moves_since_cost_recompute += move_lim;
      242:  670:	    if(moves_since_cost_recompute > MAX_MOVES_BEFORE_RECOMPUTE)
branch  0 taken 12% (fallthrough)
branch  1 taken 88%
        -:  671:		{
       30:  672:		    new_bb_cost =
call    0 returned 100%
       30:  673:			recompute_bb_cost(placer_opts.place_cost_type,
        -:  674:					  placer_opts.num_regions);
       30:  675:		    if(fabs(new_bb_cost - bb_cost) > bb_cost * ERROR_TOL)
branch  0 taken 0% (fallthrough)
branch  1 taken 100%
        -:  676:			{
    #####:  677:			    printf
call    0 never executed
        -:  678:				("Error in try_place:  new_bb_cost = %g, old bb_cost = %g.\n",
        -:  679:				 new_bb_cost, bb_cost);
    #####:  680:			    exit(1);
call    0 never executed
        -:  681:			}
       30:  682:		    bb_cost = new_bb_cost;
        -:  683:
       30:  684:		    if(placer_opts.place_algorithm == NET_TIMING_DRIVEN_PLACE
branch  0 taken 100% (fallthrough)
branch  1 taken 0%
       30:  685:		       || placer_opts.place_algorithm ==
branch  0 taken 100% (fallthrough)
branch  1 taken 0%
        -:  686:		       PATH_TIMING_DRIVEN_PLACE)
        -:  687:			{
       30:  688:			    comp_td_costs(&new_timing_cost, &new_delay_cost);
call    0 returned 100%
       60:  689:			    if(fabs(new_timing_cost - timing_cost) >
branch  0 taken 0% (fallthrough)
branch  1 taken 100%
       30:  690:			       timing_cost * ERROR_TOL)
        -:  691:				{
    #####:  692:				    printf
call    0 never executed
        -:  693:					("Error in try_place:  new_timing_cost = %g, old timing_cost = %g.\n",
        -:  694:					 new_timing_cost, timing_cost);
    #####:  695:				    exit(1);
call    0 never executed
        -:  696:				}
       60:  697:			    if(fabs(new_delay_cost - delay_cost) >
branch  0 taken 0% (fallthrough)
branch  1 taken 100%
       30:  698:			       delay_cost * ERROR_TOL)
        -:  699:				{
    #####:  700:				    printf
call    0 never executed
        -:  701:					("Error in try_place:  new_delay_cost = %g, old delay_cost = %g.\n",
        -:  702:					 new_delay_cost, delay_cost);
    #####:  703:				    exit(1);
call    0 never executed
        -:  704:				}
       30:  705:			    timing_cost = new_timing_cost;
        -:  706:			}
        -:  707:
       30:  708:		    if(placer_opts.place_algorithm == BOUNDING_BOX_PLACE)
branch  0 taken 0% (fallthrough)
branch  1 taken 100%
        -:  709:			{
    #####:  710:			    cost = new_bb_cost;
        -:  711:			}
       30:  712:		    moves_since_cost_recompute = 0;
        -:  713:		}
        -:  714:
      242:  715:	    tot_iter += move_lim;
      242:  716:	    success_rat = ((float)success_sum) / move_lim;
      242:  717:	    if(success_sum == 0)
branch  0 taken 0% (fallthrough)
branch  1 taken 100%
        -:  718:		{
    #####:  719:		    av_cost = cost;
    #####:  720:		    av_bb_cost = bb_cost;
    #####:  721:		    av_timing_cost = timing_cost;
    #####:  722:		    av_delay_cost = delay_cost;
        -:  723:		}
        -:  724:	    else
        -:  725:		{
      242:  726:		    av_cost /= success_sum;
      242:  727:		    av_bb_cost /= success_sum;
      242:  728:		    av_timing_cost /= success_sum;
      242:  729:		    av_delay_cost /= success_sum;
        -:  730:		}
      242:  731:	    std_dev = get_std_dev(success_sum, sum_of_squares, av_cost);
call    0 returned 100%
        -:  732:
        -:  733:#ifndef SPEC
      242:  734:	    printf
call    0 returned 100%
        -:  735:		("%11.5g  %10.6g %11.6g  %11.6g  %11.6g %11.6g %11.4g %9.4g %8.3g  %7.4g  %7.4g  %10d  ",
        -:  736:		 t, av_cost, av_bb_cost, av_timing_cost, av_delay_cost,
        -:  737:		 place_delay_value, d_max, success_rat, std_dev, rlim,
        -:  738:		 crit_exponent, tot_iter); list line
        -:  739:#endif
        -:  740:
      242:  741:	    oldt = t;		/* for finding and printing alpha. */
      242:  742:	    update_t(&t, std_dev, rlim, success_rat, annealing_sched);
call    0 returned 100%
        -:  743:
        -:  744:#ifndef SPEC
      242:  745:	    printf("%7.4g\n", t / oldt);
call    0 returned 100%
        -:  746:#endif
        -:  747:
      242:  748:	    sprintf(msg,
        -:  749:		    "Cost: %g  BB Cost %g  TD Cost %g  Temperature: %g  d_max: %g",
        -:  750:		    cost, bb_cost, timing_cost, t, d_max);
      242:  751:	    update_screen(MINOR, msg, PLACEMENT, FALSE);
call    0 returned 100%
      242:  752:	    update_rlim(&rlim, success_rat);
call    0 returned 100%
        -:  753:
      484:  754:	    if(placer_opts.place_algorithm == NET_TIMING_DRIVEN_PLACE ||
branch  0 taken 100% (fallthrough)
branch  1 taken 0%
branch  2 taken 100% (fallthrough)
branch  3 taken 0%
      242:  755:	       placer_opts.place_algorithm == PATH_TIMING_DRIVEN_PLACE)
        -:  756:		{
      242:  757:		    crit_exponent =
      242:  758:			(1 -
      242:  759:			 (rlim -
      484:  760:			  final_rlim) * inverse_delta_rlim) *
      484:  761:			(placer_opts.td_place_exp_last -
      242:  762:			 placer_opts.td_place_exp_first) +
      242:  763:			placer_opts.td_place_exp_first;
        -:  764:		}
        -:  765:#ifdef VERBOSE
        -:  766:	    dump_clbs();
        -:  767:#endif
        -:  768:	}
        -:  769:
        2:  770:    t = 0;			/* freeze out */
        2:  771:    av_cost = 0.;
        2:  772:    av_bb_cost = 0.;
        2:  773:    av_timing_cost = 0.;
        2:  774:    sum_of_squares = 0.;
        2:  775:    av_delay_cost = 0.;
        2:  776:    success_sum = 0;
        -:  777:
        4:  778:    if(placer_opts.place_algorithm == NET_TIMING_DRIVEN_PLACE ||
branch  0 taken 100% (fallthrough)
branch  1 taken 0%
branch  2 taken 100% (fallthrough)
branch  3 taken 0%
        2:  779:       placer_opts.place_algorithm == PATH_TIMING_DRIVEN_PLACE)
        -:  780:	{
        -:  781:	    /*at each temperature change we update these values to be used     */
        -:  782:	    /*for normalizing the tradeoff between timing and wirelength (bb)  */
        2:  783:	    if(outer_crit_iter_count >= placer_opts.recompute_crit_iter ||
branch  0 taken 0% (fallthrough)
branch  1 taken 100%
branch  2 never executed
branch  3 never executed
    #####:  784:	       placer_opts.inner_loop_recompute_divider != 0)
        -:  785:		{
        -:  786:
        -:  787:#ifdef VERBOSE
        -:  788:		    printf("Outer Loop Recompute Criticalities\n");
        -:  789:#endif
        2:  790:		    place_delay_value = delay_cost / num_connections;
        -:  791:
        2:  792:		    if(placer_opts.place_algorithm == NET_TIMING_DRIVEN_PLACE)
branch  0 taken 0% (fallthrough)
branch  1 taken 100%
    #####:  793:			load_constant_net_delay(net_delay, place_delay_value);
call    0 never executed
        -:  794:
        2:  795:		    load_timing_graph_net_delays(net_delay);
call    0 returned 100%
        2:  796:		    d_max = load_net_slack(net_slack, 0);
call    0 returned 100%
        2:  797:		    load_criticalities(placer_opts, net_slack, d_max,
call    0 returned 100%
        -:  798:				       crit_exponent);
        -:  799:		    /*recompute criticaliies */
        2:  800:		    comp_td_costs(&timing_cost, &delay_cost);
call    0 returned 100%
        2:  801:		    outer_crit_iter_count = 0;
        -:  802:		}
        2:  803:	    outer_crit_iter_count++;
        -:  804:
        2:  805:	    inverse_prev_bb_cost = 1 / (bb_cost);
        2:  806:	    inverse_prev_timing_cost = 1 / (timing_cost);
        -:  807:	}
        -:  808:
        2:  809:    inner_crit_iter_count = 1;
        -:  810:
    14262:  811:    for(inner_iter = 0; inner_iter < move_lim; inner_iter++)
branch  0 taken 99%
branch  1 taken 1% (fallthrough)
        -:  812:	{
    28520:  813:	    if(try_swap(t, &cost, &bb_cost, &timing_cost,
call    0 returned 100%
branch  1 taken 4% (fallthrough)
branch  2 taken 96%
    14260:  814:			rlim, placer_opts.place_cost_type,
        -:  815:			old_region_occ_x, old_region_occ_y,
        -:  816:			placer_opts.num_regions, fixed_pins,
        -:  817:			placer_opts.place_algorithm,
        -:  818:			placer_opts.timing_tradeoff, inverse_prev_bb_cost,
        -:  819:			inverse_prev_timing_cost, &delay_cost, x_lookup) == 1)
        -:  820:		{
      636:  821:		    success_sum++;
      636:  822:		    av_cost += cost;
      636:  823:		    av_bb_cost += bb_cost;
      636:  824:		    av_delay_cost += delay_cost;
      636:  825:		    av_timing_cost += timing_cost;
      636:  826:		    sum_of_squares += cost * cost;
        -:  827:
      636:  828:		    if(placer_opts.place_algorithm == NET_TIMING_DRIVEN_PLACE
branch  0 taken 100% (fallthrough)
branch  1 taken 0%
      636:  829:		       || placer_opts.place_algorithm ==
branch  0 taken 100% (fallthrough)
branch  1 taken 0%
        -:  830:		       PATH_TIMING_DRIVEN_PLACE)
        -:  831:			{
        -:  832:
      636:  833:			    if(inner_crit_iter_count >= inner_recompute_limit
branch  0 taken 0% (fallthrough)
branch  1 taken 100%
    #####:  834:			       && inner_iter != move_lim - 1)
branch  0 never executed
branch  1 never executed
        -:  835:				{
        -:  836:
    #####:  837:				    inner_crit_iter_count = 0;
        -:  838:#ifdef VERBOSE
        -:  839:				    printf
        -:  840:					("Inner Loop Recompute Criticalities\n");
        -:  841:#endif
    #####:  842:				    if(placer_opts.place_algorithm ==
branch  0 never executed
branch  1 never executed
        -:  843:				       NET_TIMING_DRIVEN_PLACE)
        -:  844:					{
    #####:  845:					    place_delay_value =
    #####:  846:						delay_cost / num_connections;
    #####:  847:					    load_constant_net_delay(net_delay,
call    0 never executed
        -:  848:								    place_delay_value);
        -:  849:					}
        -:  850:
    #####:  851:				    load_timing_graph_net_delays(net_delay);
call    0 never executed
    #####:  852:				    d_max = load_net_slack(net_slack, 0);
call    0 never executed
    #####:  853:				    load_criticalities(placer_opts, net_slack,
call    0 never executed
        -:  854:						       d_max, crit_exponent);
    #####:  855:				    comp_td_costs(&timing_cost, &delay_cost);
call    0 never executed
        -:  856:				}
      636:  857:			    inner_crit_iter_count++;
        -:  858:			}
        -:  859:		}
        -:  860:#ifdef VERBOSE
        -:  861:	    printf("t = %g  cost = %g   move = %d\n", t, cost, tot_iter);
        -:  862:#endif
        -:  863:	}
        2:  864:    tot_iter += move_lim;
        2:  865:    success_rat = ((float)success_sum) / move_lim;
        2:  866:    if(success_sum == 0)
branch  0 taken 0% (fallthrough)
branch  1 taken 100%
        -:  867:	{
    #####:  868:	    av_cost = cost;
    #####:  869:	    av_bb_cost = bb_cost;
    #####:  870:	    av_delay_cost = delay_cost;
    #####:  871:	    av_timing_cost = timing_cost;
        -:  872:	}
        -:  873:    else
        -:  874:	{
        2:  875:	    av_cost /= success_sum;
        2:  876:	    av_bb_cost /= success_sum;
        2:  877:	    av_delay_cost /= success_sum;
        2:  878:	    av_timing_cost /= success_sum;
        -:  879:	}
        -:  880:
        2:  881:    std_dev = get_std_dev(success_sum, sum_of_squares, av_cost);
call    0 returned 100%
        -:  882:
        -:  883:
        -:  884:#ifndef SPEC
        2:  885:    printf
call    0 returned 100%
        -:  886:	("%11.5g  %10.6g %11.6g  %11.6g  %11.6g %11.6g %11.4g %9.4g %8.3g  %7.4g  %7.4g  %10d  \n\n",
        -:  887:	 t, av_cost, av_bb_cost, av_timing_cost, av_delay_cost,
        -:  888:	 place_delay_value, d_max, success_rat, std_dev, rlim,
        -:  889:	 crit_exponent, tot_iter);
        -:  890:
        -:  891:#endif
        -:  892:
        -:  893:#ifdef VERBOSE
        -:  894:    dump_clbs();
        -:  895:#endif
        -:  896:
        2:  897:    check_place(bb_cost, timing_cost, placer_opts.place_cost_type,
call    0 returned 100%
        -:  898:		placer_opts.num_regions, placer_opts.place_algorithm,
        -:  899:		delay_cost);
        -:  900:
        4:  901:    if(placer_opts.enable_timing_computations &&
branch  0 taken 100% (fallthrough)
branch  1 taken 0%
branch  2 taken 0% (fallthrough)
branch  3 taken 100%
        2:  902:       placer_opts.place_algorithm == BOUNDING_BOX_PLACE)
        -:  903:	{
        -:  904:	    /*need this done since the timing data has not been kept up to date*
        -:  905:	     *in bounding_box mode */
    #####:  906:	    for(inet = 0; inet < num_nets; inet++)
branch  0 never executed
branch  1 never executed
    #####:  907:		for(ipin = 1; ipin <= net[inet].num_sinks; ipin++)
branch  0 never executed
branch  1 never executed
    #####:  908:		    timing_place_crit[inet][ipin] = 0;	/*dummy crit values */
    #####:  909:	    comp_td_costs(&timing_cost, &delay_cost);	/*computes point_to_point_delay_cost */
call    0 never executed
        -:  910:	}
        -:  911:
        4:  912:    if(placer_opts.place_algorithm == NET_TIMING_DRIVEN_PLACE ||
branch  0 taken 100% (fallthrough)
branch  1 taken 0%
branch  2 taken 0% (fallthrough)
branch  3 taken 100%
        2:  913:       placer_opts.place_algorithm == PATH_TIMING_DRIVEN_PLACE ||
branch  0 never executed
branch  1 never executed
    #####:  914:       placer_opts.enable_timing_computations)
        -:  915:	{
        2:  916:	    net_delay = point_to_point_delay_cost;	/*this makes net_delay up to date with    *
        -:  917:							 *the same values that the placer is using*/
        2:  918:	    load_timing_graph_net_delays(net_delay);
call    0 returned 100%
        2:  919:	    est_crit = load_net_slack(net_slack, 0);
call    0 returned 100%
        -:  920:#ifdef CREATE_ECHO_FILES
        -:  921:/*		print_sink_delays("placement_sink_delays.echo"); */
        -:  922:	    print_net_slack("placement_net_slacks.echo", net_slack);
        -:  923:	    print_critical_path("placement_crit_path.echo",
        -:  924:				*subblock_data_ptr);
        -:  925:#endif /* CREATE_ECHO_FILES */
        2:  926:	    printf("Placement Estimated Crit Path Delay: %g\n\n", est_crit);
call    0 returned 100%
        -:  927:	}
        -:  928:
        -:  929:
        2:  930:    sprintf(msg,
        -:  931:	    "Placement. Cost: %g  bb_cost: %g td_cost: %g Channel Factor: %d d_max: %g",
        -:  932:	    cost, bb_cost, timing_cost, width_fac, d_max);
        2:  933:    printf
call    0 returned 100%
        -:  934:	("Placement. Cost: %g  bb_cost: %g  td_cost: %g  delay_cost: %g.\n",
        -:  935:	 cost, bb_cost, timing_cost, delay_cost);
        2:  936:    update_screen(MAJOR, msg, PLACEMENT, FALSE);
call    0 returned 100%
        -:  937:
        -:  938:#ifdef SPEC
        -:  939:    printf("Total moves attempted: %d.0\n", tot_iter);
        -:  940:#endif
        -:  941:
        4:  942:    if(placer_opts.place_algorithm == NET_TIMING_DRIVEN_PLACE ||
branch  0 taken 100% (fallthrough)
branch  1 taken 0%
branch  2 taken 0% (fallthrough)
branch  3 taken 100%
        2:  943:       placer_opts.place_algorithm == PATH_TIMING_DRIVEN_PLACE ||
branch  0 never executed
branch  1 never executed
    #####:  944:       placer_opts.enable_timing_computations)
        -:  945:	{
        -:  946:
        2:  947:	    net_delay = remember_net_delay_original_ptr;
        -:  948:
        2:  949:	    free_placement_structs(placer_opts.place_cost_type,
call    0 returned 100%
        -:  950:				   placer_opts.num_regions, old_region_occ_x,
        -:  951:				   old_region_occ_y, placer_opts);
        2:  952:	    free_lookups_and_criticalities(&net_delay, &net_slack);
call    0 returned 100%
        -:  953:	}
        -:  954:
        -:  955:    /* placement is done - find mst of all nets.
        -:  956:     * creating mst for each net; this gives me an ordering of sinks 
        -:  957:     * by which I will direct search (A*) for. */
        2:  958:    if(*mst)
branch  0 taken 0% (fallthrough)
branch  1 taken 100%
        -:  959:	{
    #####:  960:	    for(inet = 0; inet < num_nets; inet++)
branch  0 never executed
branch  1 never executed
        -:  961:		{
    #####:  962:		    assert((*mst)[inet]);
branch  0 never executed
branch  1 never executed
call    2 never executed
    #####:  963:		    free((*mst)[inet]);
        -:  964:		}
    #####:  965:	    free(*mst);
        -:  966:	}
        2:  967:    *mst = (t_mst_edge **) my_malloc(sizeof(t_mst_edge *) * num_nets);
call    0 returned 100%
     1024:  968:    for(inet = 0; inet < num_nets; inet++)
branch  0 taken 99%
branch  1 taken 1% (fallthrough)
        -:  969:	{
     1022:  970:	    (*mst)[inet] = get_mst_of_net(inet);
call    0 returned 100%
        -:  971:	}
        2:  972:    free(x_lookup);
        2:  973:}
        -:  974:
        -:  975:static int
function count_connections called 2 returned 100% blocks executed 100%
        2:  976:count_connections()
        -:  977:{
        -:  978:    /*only count non-global connections */
        -:  979:
        -:  980:    int count, inet;
        -:  981:
        2:  982:    count = 0;
        -:  983:
     1024:  984:    for(inet = 0; inet < num_nets; inet++)
branch  0 taken 99%
branch  1 taken 1% (fallthrough)
        -:  985:	{
        -:  986:
     1022:  987:	    if(net[inet].is_global)
branch  0 taken 1% (fallthrough)
branch  1 taken 99%
        2:  988:		continue;
        -:  989:
     1020:  990:	    count += net[inet].num_sinks;
        -:  991:	}
        2:  992:    return (count);
        -:  993:}
        -:  994:
        -:  995:static void
function compute_net_pin_index_values called 2 returned 100% blocks executed 100%
        2:  996:compute_net_pin_index_values()
        -:  997:{
        -:  998:    /*computes net_pin_index array, this array allows us to quickly */
        -:  999:    /*find what pin on the net a block pin corresponds to */
        -: 1000:
        -: 1001:    int inet, netpin, blk, iblk, ipin;
        -: 1002:    t_type_ptr type;
        -: 1003:
        -: 1004:    /*initialize values to OPEN */
      278: 1005:    for(iblk = 0; iblk < num_blocks; iblk++)
branch  0 taken 99%
branch  1 taken 1% (fallthrough)
        -: 1006:	{
      276: 1007:	    type = block[iblk].type;
     6760: 1008:	    for(ipin = 0; ipin < type->num_pins; ipin++)
branch  0 taken 96%
branch  1 taken 4% (fallthrough)
        -: 1009:		{
     6484: 1010:		    net_pin_index[iblk][ipin] = OPEN;
        -: 1011:		}
        -: 1012:	}
        -: 1013:
     1024: 1014:    for(inet = 0; inet < num_nets; inet++)
branch  0 taken 99%
branch  1 taken 1% (fallthrough)
        -: 1015:	{
        -: 1016:
     1022: 1017:	    if(net[inet].is_global)
branch  0 taken 1% (fallthrough)
branch  1 taken 99%
        2: 1018:		continue;
        -: 1019:
     4342: 1020:	    for(netpin = 0; netpin <= net[inet].num_sinks; netpin++)
branch  0 taken 77%
branch  1 taken 23% (fallthrough)
        -: 1021:		{
     3322: 1022:		    blk = net[inet].node_block[netpin];
     3322: 1023:		    net_pin_index[blk][net[inet].node_block_pin[netpin]] =
        -: 1024:			netpin;
        -: 1025:		}
        -: 1026:	}
        2: 1027:}
        -: 1028:
        -: 1029:
        -: 1030:static double
function get_std_dev called 246 returned 100% blocks executed 88%
      246: 1031:get_std_dev(int n,
        -: 1032:	    double sum_x_squared,
        -: 1033:	    double av_x)
        -: 1034:{
        -: 1035:
        -: 1036:    /* Returns the standard deviation of data set x.  There are n sample points, *
        -: 1037:     * sum_x_squared is the summation over n of x^2 and av_x is the average x.   *
        -: 1038:     * All operations are done in double precision, since round off error can be *
        -: 1039:     * a problem in the initial temp. std_dev calculation for big circuits.      */
        -: 1040:
        -: 1041:    double std_dev;
        -: 1042:
      246: 1043:    if(n <= 1)
branch  0 taken 0% (fallthrough)
branch  1 taken 100%
    #####: 1044:	std_dev = 0.;
        -: 1045:    else
      246: 1046:	std_dev = (sum_x_squared - n * av_x * av_x) / (double)(n - 1);
        -: 1047:
      246: 1048:    if(std_dev > 0.)		/* Very small variances sometimes round negative */
branch  0 taken 95% (fallthrough)
branch  1 taken 5%
      234: 1049:	std_dev = sqrt(std_dev);
        -: 1050:    else
       12: 1051:	std_dev = 0.;
        -: 1052:
      246: 1053:    return (std_dev);
        -: 1054:}
        -: 1055:
        -: 1056:
        -: 1057:static void
function update_rlim called 242 returned 100% blocks executed 100%
      242: 1058:update_rlim(float *rlim,
        -: 1059:	    float success_rat)
        -: 1060:{
        -: 1061:
        -: 1062:    /* Update the range limited to keep acceptance prob. near 0.44.  Use *
        -: 1063:     * a floating point rlim to allow gradual transitions at low temps.  */
        -: 1064:
        -: 1065:    float upper_lim;
        -: 1066:
      242: 1067:    *rlim = (*rlim) * (1. - 0.44 + success_rat);
      242: 1068:    upper_lim = max(nx, ny);
      242: 1069:    *rlim = min(*rlim, upper_lim);
branch  0 taken 32% (fallthrough)
branch  1 taken 68%
      242: 1070:    *rlim = max(*rlim, 1.);
branch  0 taken 71% (fallthrough)
branch  1 taken 29%
      242: 1071:}
        -: 1072:
        -: 1073:
        -: 1074:/* Update the temperature according to the annealing schedule selected. */
        -: 1075:static void
function update_t called 242 returned 100% blocks executed 91%
      242: 1076:update_t(float *t,
        -: 1077:	 float std_dev,
        -: 1078:	 float rlim,
        -: 1079:	 float success_rat,
        -: 1080:	 struct s_annealing_sched annealing_sched)
        -: 1081:{
        -: 1082:
        -: 1083:    /*  float fac; */
        -: 1084:
      242: 1085:    if(annealing_sched.type == USER_SCHED)
branch  0 taken 0% (fallthrough)
branch  1 taken 100%
        -: 1086:	{
    #####: 1087:	    *t = annealing_sched.alpha_t * (*t);
        -: 1088:	}
        -: 1089:
        -: 1090:    /* Old standard deviation based stuff is below.  This bogs down horribly 
        -: 1091:     * for big circuits (alu4 and especially bigkey_mod). */
        -: 1092:    /* #define LAMBDA .7  */
        -: 1093:    /* ------------------------------------ */
        -: 1094:#if 0
        -: 1095:    else if(std_dev == 0.)
        -: 1096:	{
        -: 1097:	    *t = 0.;
        -: 1098:	}
        -: 1099:    else
        -: 1100:	{
        -: 1101:	    fac = exp(-LAMBDA * (*t) / std_dev);
        -: 1102:	    fac = max(0.5, fac);
        -: 1103:	    *t = (*t) * fac;
        -: 1104:	}
        -: 1105:#endif
        -: 1106:    /* ------------------------------------- */
        -: 1107:
        -: 1108:    else
        -: 1109:    {				/* AUTO_SCHED */
      242: 1110:	if(success_rat > 0.96)
branch  0 taken 3% (fallthrough)
branch  1 taken 97%
        -: 1111:	    {
        8: 1112:		*t = (*t) * 0.5;
        -: 1113:	    }
      234: 1114:	else if(success_rat > 0.8)
branch  0 taken 8% (fallthrough)
branch  1 taken 92%
        -: 1115:	    {
       18: 1116:		*t = (*t) * 0.9;
        -: 1117:	    }
      216: 1118:	else if(success_rat > 0.15 || rlim > 1.)
branch  0 taken 6% (fallthrough)
branch  1 taken 94%
branch  2 taken 0% (fallthrough)
branch  3 taken 100%
        -: 1119:	    {
      202: 1120:		*t = (*t) * 0.95;
        -: 1121:	    }
        -: 1122:	else
        -: 1123:	    {
       14: 1124:		*t = (*t) * 0.8;
        -: 1125:	    }
        -: 1126:    }
      242: 1127:}
        -: 1128:
        -: 1129:
        -: 1130:static int
function exit_crit called 244 returned 100% blocks executed 63%
      244: 1131:exit_crit(float t,
        -: 1132:	  float cost,
        -: 1133:	  struct s_annealing_sched annealing_sched)
        -: 1134:{
        -: 1135:
        -: 1136:    /* Return 1 when the exit criterion is met.                        */
        -: 1137:
      244: 1138:    if(annealing_sched.type == USER_SCHED)
branch  0 taken 0% (fallthrough)
branch  1 taken 100%
        -: 1139:	{
    #####: 1140:	    if(t < annealing_sched.exit_t)
branch  0 never executed
branch  1 never executed
        -: 1141:		{
    #####: 1142:		    return (1);
        -: 1143:		}
        -: 1144:	    else
        -: 1145:		{
    #####: 1146:		    return (0);
        -: 1147:		}
        -: 1148:	}
        -: 1149:
        -: 1150:    /* Automatic annealing schedule */
        -: 1151:
      244: 1152:    if(t < 0.005 * cost / num_nets)
branch  0 taken 1% (fallthrough)
branch  1 taken 99%
        -: 1153:	{
        2: 1154:	    return (1);
        -: 1155:	}
        -: 1156:    else
        -: 1157:	{
      242: 1158:	    return (0);
        -: 1159:	}
        -: 1160:}
        -: 1161:
        -: 1162:
        -: 1163:static float
function starting_t called 2 returned 100% blocks executed 82%
        2: 1164:starting_t(float *cost_ptr,
        -: 1165:	   float *bb_cost_ptr,
        -: 1166:	   float *timing_cost_ptr,
        -: 1167:	   int place_cost_type,
        -: 1168:	   float **old_region_occ_x,
        -: 1169:	   float **old_region_occ_y,
        -: 1170:	   int num_regions,
        -: 1171:	   boolean fixed_pins,
        -: 1172:	   struct s_annealing_sched annealing_sched,
        -: 1173:	   int max_moves,
        -: 1174:	   float rlim,
        -: 1175:	   enum e_place_algorithm place_algorithm,
        -: 1176:	   float timing_tradeoff,
        -: 1177:	   float inverse_prev_bb_cost,
        -: 1178:	   float inverse_prev_timing_cost,
        -: 1179:	   float *delay_cost_ptr)
        -: 1180:{
        -: 1181:
        -: 1182:    /* Finds the starting temperature (hot condition).              */
        -: 1183:
        -: 1184:    int i, num_accepted, move_lim;
        -: 1185:    double std_dev, av, sum_of_squares;	/* Double important to avoid round off */
        -: 1186:    int *x_lookup;
        -: 1187:
        2: 1188:    x_lookup = (int *)my_malloc(nx * sizeof(int));
call    0 returned 100%
        -: 1189:
        2: 1190:    if(annealing_sched.type == USER_SCHED)
branch  0 taken 0% (fallthrough)
branch  1 taken 100%
    #####: 1191:	return (annealing_sched.init_t);
        -: 1192:
        2: 1193:    move_lim = min(max_moves, num_blocks);
        -: 1194:
        2: 1195:    num_accepted = 0;
        2: 1196:    av = 0.;
        2: 1197:    sum_of_squares = 0.;
        -: 1198:
        -: 1199:    /* Try one move per block.  Set t high so essentially all accepted. */
        -: 1200:
      278: 1201:    for(i = 0; i < move_lim; i++)
branch  0 taken 99%
branch  1 taken 1% (fallthrough)
        -: 1202:	{
      276: 1203:	    if(try_swap(1.e30, cost_ptr, bb_cost_ptr, timing_cost_ptr, rlim,
call    0 returned 100%
branch  1 taken 100% (fallthrough)
branch  2 taken 0%
        -: 1204:			place_cost_type,
        -: 1205:			old_region_occ_x, old_region_occ_y, num_regions,
        -: 1206:			fixed_pins, place_algorithm, timing_tradeoff,
        -: 1207:			inverse_prev_bb_cost, inverse_prev_timing_cost,
        -: 1208:			delay_cost_ptr, x_lookup) == 1)
        -: 1209:		{
      276: 1210:		    num_accepted++;
      276: 1211:		    av += *cost_ptr;
      276: 1212:		    sum_of_squares += *cost_ptr * (*cost_ptr);
        -: 1213:		}
        -: 1214:	}
        -: 1215:
        2: 1216:    if(num_accepted != 0)
branch  0 taken 100% (fallthrough)
branch  1 taken 0%
        2: 1217:	av /= num_accepted;
        -: 1218:    else
    #####: 1219:	av = 0.;
        -: 1220:
        2: 1221:    std_dev = get_std_dev(num_accepted, sum_of_squares, av);
call    0 returned 100%
        -: 1222:
        -: 1223:#ifdef DEBUG
        2: 1224:    if(num_accepted != move_lim)
branch  0 taken 0% (fallthrough)
branch  1 taken 100%
        -: 1225:	{
    #####: 1226:	    printf
call    0 never executed
        -: 1227:		("Warning:  Starting t: %d of %d configurations accepted.\n",
        -: 1228:		 num_accepted, move_lim);
        -: 1229:	}
        -: 1230:#endif
        -: 1231:
        -: 1232:#ifdef VERBOSE
        -: 1233:    printf("std_dev: %g, average cost: %g, starting temp: %g\n",
        -: 1234:	   std_dev, av, 20. * std_dev);
        -: 1235:#endif
        -: 1236:
        2: 1237:    free(x_lookup);
        -: 1238:
        -: 1239:    /* Set the initial temperature to 20 times the standard of deviation */
        -: 1240:    /* so that the initial temperature adjusts according to the circuit */
        2: 1241:    return (20. * std_dev);
        -: 1242:}
        -: 1243:
        -: 1244:
        -: 1245:static int
function try_swap called 1739996 returned 100% blocks executed 87%
  1739996: 1246:try_swap(float t,
        -: 1247:	 float *cost,
        -: 1248:	 float *bb_cost,
        -: 1249:	 float *timing_cost,
        -: 1250:	 float rlim,
        -: 1251:	 int place_cost_type,
        -: 1252:	 float **old_region_occ_x,
        -: 1253:	 float **old_region_occ_y,
        -: 1254:	 int num_regions,
        -: 1255:	 boolean fixed_pins,
        -: 1256:	 enum e_place_algorithm place_algorithm,
        -: 1257:	 float timing_tradeoff,
        -: 1258:	 float inverse_prev_bb_cost,
        -: 1259:	 float inverse_prev_timing_cost,
        -: 1260:	 float *delay_cost,
        -: 1261:	 int *x_lookup)
        -: 1262:{
        -: 1263:
        -: 1264:    /* Picks some block and moves it to another spot.  If this spot is   *
        -: 1265:     * occupied, switch the blocks.  Assess the change in cost function  *
        -: 1266:     * and accept or reject the move.  If rejected, return 0.  If        *
        -: 1267:     * accepted return 1.  Pass back the new value of the cost function. * 
        -: 1268:     * rlim is the range limiter.                                                                            */
        -: 1269:
        -: 1270:    int b_from, x_to, y_to, z_to, x_from, y_from, z_from, b_to;
        -: 1271:    int i, k, inet, keep_switch, num_of_pins, max_pins_per_fb;
        -: 1272:    int num_nets_affected, bb_index;
        -: 1273:    float delta_c, bb_delta_c, timing_delta_c, delay_delta_c, newcost;
        -: 1274:    static struct s_bb *bb_coord_new = NULL;
        -: 1275:    static struct s_bb *bb_edge_new = NULL;
        -: 1276:    static int *nets_to_update = NULL, *net_block_moved = NULL;
        -: 1277:
  1739996: 1278:    max_pins_per_fb = 0;
  8699980: 1279:    for(i = 0; i < num_types; i++)
branch  0 taken 80%
branch  1 taken 20% (fallthrough)
        -: 1280:	{
  6959984: 1281:	    max_pins_per_fb =
  6959984: 1282:		max(max_pins_per_fb, type_descriptors[i].num_pins);
        -: 1283:	}
        -: 1284:
        -: 1285:    /* Allocate the local bb_coordinate storage, etc. only once. */
        -: 1286:
  1739996: 1287:    if(bb_coord_new == NULL)
branch  0 taken 1% (fallthrough)
branch  1 taken 99%
        -: 1288:	{
        2: 1289:	    bb_coord_new = (struct s_bb *)my_malloc(2 * max_pins_per_fb * //opt
call    0 returned 100%
        -: 1290:						    sizeof(struct s_bb));
        2: 1291:	    bb_edge_new = (struct s_bb *)my_malloc(2 * max_pins_per_fb *
call    0 returned 100%
        -: 1292:						   sizeof(struct s_bb));
        2: 1293:	    nets_to_update =
        2: 1294:		(int *)my_malloc(2 * max_pins_per_fb * sizeof(int)); //opt
call    0 returned 100%
        2: 1295:	    net_block_moved =
        2: 1296:		(int *)my_malloc(2 * max_pins_per_fb * sizeof(int));
call    0 returned 100%
        -: 1297:	}
        -: 1298:
        -: 1299:
  1739996: 1300:    delay_delta_c = 0.0;
  1739996: 1301:    b_from = my_irand(num_blocks - 1); list line
call    0 returned 100%
        -: 1302:
        -: 1303:    /* If the pins are fixed we never move them from their initial    *
        -: 1304:     * random locations.  The code below could be made more efficient *
        -: 1305:     * by using the fact that pins appear first in the block list,    *
        -: 1306:     * but this shouldn't cause any significant slowdown and won't be *
        -: 1307:     * broken if I ever change the parser so that the pins aren't     *
        -: 1308:     * necessarily at the start of the block list.                    */
        -: 1309:
  1739996: 1310:    if(fixed_pins == TRUE)
branch  0 taken 0% (fallthrough)
branch  1 taken 100%
        -: 1311:	{
    #####: 1312:	    while(block[b_from].type == IO_TYPE)
branch  0 never executed
branch  1 never executed
        -: 1313:		{
    #####: 1314:		    b_from = my_irand(num_blocks - 1);
call    0 never executed
        -: 1315:		}
        -: 1316:	}
        -: 1317:
  1739996: 1318:    x_from = block[b_from].x;
  1739996: 1319:    y_from = block[b_from].y;
  1739996: 1320:    z_from = block[b_from].z;
        -: 1321:
  1739996: 1322:    if(!find_to
call    0 returned 100%
branch  1 taken 3% (fallthrough)
branch  2 taken 97%
  1739996: 1323:       (x_from, y_from, block[b_from].type, rlim, x_lookup, &x_to, &y_to))
    43704: 1324:	return FALSE;
        -: 1325:
        -: 1326:    /* Make the switch in order to make computing the new bounding *
        -: 1327:     * box simpler.  If the cost increase is too high, switch them *
        -: 1328:     * back.  (block data structures switched, clbs not switched   *
        -: 1329:     * until success of move is determined.)                       */
        -: 1330:
  1696292: 1331:    
  1696292: 1332:    //opt grid[x_to][y_to] is used frequently but never aliasing
branch  0 taken 47% (fallthrough)
branch  1 taken 53%
        -: 1333:    //no subroutine that might bring side effect in the function. 
   794786: 1334:    z_to = 0;
call    0 returned 100%
        -: 1335:    if(grid[x_to][y_to].type->capacity > 1)
  1696292: 1336:	{
branch  0 taken 21% (fallthrough)
branch  1 taken 79%
        -: 1337:	    z_to = my_irand(grid[x_to][y_to].type->capacity - 1);
   355140: 1338:	}
   355140: 1339:    if(grid[x_to][y_to].blocks[z_to] == EMPTY)
   355140: 1340:	{			/* Moving to an empty location */
   355140: 1341:	    b_to = EMPTY;
        -: 1342:	    block[b_from].x = x_to;
        -: 1343:	    block[b_from].y = y_to;
        -: 1344:	    block[b_from].z = z_to;
  1341152: 1345:	}
  1341152: 1346:    else
  1341152: 1347:	{			/* Swapping two blocks */
  1341152: 1348:	    b_to = grid[x_to][y_to].blocks[z_to];
        -: 1349:	    block[b_to].x = x_from;
  1341152: 1350:	    block[b_to].y = y_from;
  1341152: 1351:	    block[b_to].z = z_from;
  1341152: 1352:
        -: 1353:	    block[b_from].x = x_to;
        -: 1354:	    block[b_from].y = y_to;
        -: 1355:	    block[b_from].z = z_to;
        -: 1356:	}
        -: 1357:
        -: 1358:    /* Now update the cost function.  May have to do major optimizations *
        -: 1359:     * here later.                                                       */
        -: 1360:
  1696292: 1361:    /* I'm using negative values of temp_net_cost as a flag, so DO NOT   *
  1696292: 1362:     * use cost functions that can go negative.                          */
  1696292: 1363:
        -: 1364:    delta_c = 0;		/* Change in cost due to this swap. */
  1696292: 1365:    bb_delta_c = 0;
        -: 1366:    timing_delta_c = 0;
  1696292: 1367:
call    0 returned 100%
        -: 1368:    num_of_pins = block[b_from].type->num_pins;
        -: 1369:
  1696292: 1370:    num_nets_affected = find_affected_nets(nets_to_update, net_block_moved,
branch  0 taken 0% (fallthrough)
branch  1 taken 100%
        -: 1371:					   b_from, b_to, num_of_pins);
    #####: 1372:
call    0 never executed
        -: 1373:    if(place_cost_type == NONLINEAR_CONG)
        -: 1374:	{
  1696292: 1375:	    save_region_occ(old_region_occ_x, old_region_occ_y, num_regions);
        -: 1376:	}
 35711468: 1377:
branch  0 taken 95%
branch  1 taken 5% (fallthrough)
        -: 1378:    bb_index = 0;		/* Index of new bounding box. */
 34015176: 1379:
        -: 1380:    for(k = 0; k < num_nets_affected; k++)
        -: 1381:	{
        -: 1382:	    inet = nets_to_update[k];
        -: 1383:
 34015176: 1384:	    /* If we swapped two blocks connected to the same net, its bounding box *
branch  0 taken 8% (fallthrough)
branch  1 taken 92%
  2741646: 1385:	     * doesn't change.                                                      */
        -: 1386:
 31273530: 1387:	    if(net_block_moved[k] == FROM_AND_TO)
branch  0 taken 81% (fallthrough)
branch  1 taken 19%
        -: 1388:		continue;
 25257436: 1389:
call    0 returned 100%
        -: 1390:	    if(net[inet].num_sinks < SMALL_NET)
        -: 1391:		{
        -: 1392:		    get_non_updateable_bb(inet, &bb_coord_new[bb_index]);
  6016094: 1393:		}
branch  0 taken 53% (fallthrough)
branch  1 taken 47%
  6347420: 1394:	    else
call    0 returned 100%
  3173710: 1395:		{
        -: 1396:		    if(net_block_moved[k] == FROM)
        -: 1397:			update_bb(inet, &bb_coord_new[bb_index],
  5684768: 1398:				  &bb_edge_new[bb_index], x_from, y_from,
call    0 returned 100%
  2842384: 1399:				  x_to, y_to);
        -: 1400:		    else
        -: 1401:			update_bb(inet, &bb_coord_new[bb_index],
        -: 1402:				  &bb_edge_new[bb_index], x_to, y_to, x_from,
 31273530: 1403:				  y_from);
branch  0 taken 100% (fallthrough)
branch  1 taken 0%
        -: 1404:		}
 62547060: 1405:
 31273530: 1406:	    if(place_cost_type != NONLINEAR_CONG)
call    0 returned 100%
 31273530: 1407:		{
        -: 1408:		    temp_net_cost[inet] =
        -: 1409:			get_net_cost(inet, &bb_coord_new[bb_index]);
        -: 1410:		    bb_delta_c += temp_net_cost[inet] - net_cost[inet];
        -: 1411:		}
    #####: 1412:	    else
call    0 never executed
        -: 1413:		{
    #####: 1414:		    /* Rip up, then replace with new bb. */
call    0 never executed
        -: 1415:		    update_region_occ(inet, &bb_coords[inet], -1,
        -: 1416:				      num_regions);
        -: 1417:		    update_region_occ(inet, &bb_coord_new[bb_index], 1,
 31273530: 1418:				      num_regions);
        -: 1419:		}
        -: 1420:
  1696292: 1421:	    bb_index++;
branch  0 taken 0% (fallthrough)
branch  1 taken 100%
        -: 1422:	}
    #####: 1423:
call    0 never executed
    #####: 1424:    if(place_cost_type == NONLINEAR_CONG)
        -: 1425:	{
        -: 1426:	    newcost = nonlinear_cong_cost(num_regions);
        -: 1427:	    bb_delta_c = newcost - *bb_cost;
  1696292: 1428:	}
branch  0 taken 100% (fallthrough)
branch  1 taken 0%
branch  2 taken 100% (fallthrough)
branch  3 taken 0%
        -: 1429:
        -: 1430:
        -: 1431:    if(place_algorithm == NET_TIMING_DRIVEN_PLACE ||
        -: 1432:       place_algorithm == PATH_TIMING_DRIVEN_PLACE)
        -: 1433:	{
        -: 1434:	    /*in this case we redefine delta_c as a combination of timing and bb.  *
  1696292: 1435:	     *additionally, we normalize all values, therefore delta_c is in       *
call    0 returned 100%
        -: 1436:	     *relation to 1*/
        -: 1437:
  1696292: 1438:	    comp_delta_td_cost(b_from, b_to, num_of_pins, &timing_delta_c,
  1696292: 1439:			       &delay_delta_c); //opt subroutine by taking a look inside
  1696292: 1440:
        -: 1441:	    delta_c =
        -: 1442:		(1 - timing_tradeoff) * bb_delta_c * inverse_prev_bb_cost +
        -: 1443:		timing_tradeoff * timing_delta_c * inverse_prev_timing_cost;
    #####: 1444:	}
        -: 1445:    else
        -: 1446:	{
        -: 1447:	    delta_c = bb_delta_c;
  1696292: 1448:	}
call    0 returned 100%
        -: 1449:
        -: 1450:
        -: 1451:    keep_switch = assess_swap(delta_c, t);
  1696292: 1452:
branch  0 taken 46% (fallthrough)
branch  1 taken 54%
        -: 1453:    /* 1 -> move accepted, 0 -> rejected. */
   773930: 1454:
   773930: 1455:    if(keep_switch)
        -: 1456:	{
        -: 1457:	    *cost = *cost + delta_c;
   773930: 1458:	    *bb_cost = *bb_cost + bb_delta_c;
branch  0 taken 100% (fallthrough)
branch  1 taken 0%
branch  2 taken 100% (fallthrough)
branch  3 taken 0%
        -: 1459:
        -: 1460:
        -: 1461:	    if(place_algorithm == NET_TIMING_DRIVEN_PLACE ||
        -: 1462:	       place_algorithm == PATH_TIMING_DRIVEN_PLACE)
   773930: 1463:		{
   773930: 1464:		    /*update the point_to_point_timing_cost and point_to_point_delay_cost 
        -: 1465:		     * values from the temporary values */
   773930: 1466:		    *timing_cost = *timing_cost + timing_delta_c;
call    0 returned 100%
        -: 1467:		    *delay_cost = *delay_cost + delay_delta_c;
        -: 1468:
        -: 1469:		    update_td_cost(b_from, b_to, num_of_pins);
        -: 1470:		}
   773930: 1471:
        -: 1472:	    /* update net cost functions and reset flags. */
  8413416: 1473:
branch  0 taken 91%
branch  1 taken 9% (fallthrough)
        -: 1474:	    bb_index = 0;
  7639486: 1475:
        -: 1476:	    for(k = 0; k < num_nets_affected; k++)
        -: 1477:		{
        -: 1478:		    inet = nets_to_update[k];
        -: 1479:
  7639486: 1480:		    /* If we swapped two blocks connected to the same net, its bounding box *
branch  0 taken 7% (fallthrough)
branch  1 taken 93%
        -: 1481:		     * doesn't change.                                                      */
   498850: 1482:
   498850: 1483:		    if(net_block_moved[k] == FROM_AND_TO) 
        -: 1484:			{
        -: 1485:			    temp_net_cost[inet] = -1;
  7140636: 1486:			    continue;
  7140636: 1487:			}
branch  0 taken 22% (fallthrough)
branch  1 taken 78%
  1561978: 1488:
        -: 1489:		    bb_coords[inet] = bb_coord_new[bb_index];
  7140636: 1490:		    if(net[inet].num_sinks >= SMALL_NET)
        -: 1491:			bb_num_on_edges[inet] = bb_edge_new[bb_index];
  7140636: 1492:
  7140636: 1493:		    bb_index++;
        -: 1494:
        -: 1495:		    net_cost[inet] = temp_net_cost[inet];
        -: 1496:		    temp_net_cost[inet] = -1;
        -: 1497:		}
   773930: 1498:
   773930: 1499:	    /* Update fb data structures since we kept the move. */
        -: 1500:	    /* Swap physical location */
   773930: 1501:	    grid[x_to][y_to].blocks[z_to] = b_from;
branch  0 taken 34% (fallthrough)
branch  1 taken 66%
        -: 1502:	    grid[x_from][y_from].blocks[z_from] = b_to; //opt grid[from]???
   261538: 1503:
   261538: 1504:	    if(EMPTY == b_to)
        -: 1505:		{		/* Moved to an empty location */
        -: 1506:		    grid[x_to][y_to].usage++;
        -: 1507:		    grid[x_from][y_from].usage--;
        -: 1508:		}
        -: 1509:	}
        -: 1510:
        -: 1511:    else
 27298052: 1512:	{			/* Move was rejected.  */
branch  0 taken 97%
branch  1 taken 3% (fallthrough)
        -: 1513:
 26375690: 1514:	    /* Reset the net cost function flags first. */
 26375690: 1515:	    for(k = 0; k < num_nets_affected; k++)
        -: 1516:		{
        -: 1517:		    inet = nets_to_update[k];
        -: 1518:		    temp_net_cost[inet] = -1;
   922362: 1519:		}
   922362: 1520:
   922362: 1521:	    /* Restore the block data structures to their state before the move. */
   922362: 1522:	    block[b_from].x = x_from; //opt block ?
branch  0 taken 90% (fallthrough)
branch  1 taken 10%
        -: 1523:	    block[b_from].y = y_from;
   828760: 1524:	    block[b_from].z = z_from;
   828760: 1525:	    if(b_to != EMPTY)
   828760: 1526:		{
        -: 1527:		    block[b_to].x = x_to;
        -: 1528:		    block[b_to].y = y_to;
        -: 1529:		    block[b_to].z = z_to;
   922362: 1530:		}
branch  0 taken 0% (fallthrough)
branch  1 taken 100%
        -: 1531: list line
    #####: 1532:	    /* Restore the region occupancies to their state before the move. */
call    0 never executed
        -: 1533:	    if(place_cost_type == NONLINEAR_CONG)
        -: 1534:		{
        -: 1535:		    restore_region_occ(old_region_occ_x, old_region_occ_y,
        -: 1536:				       num_regions);
  1696292: 1537:		}
        -: 1538:	}
        -: 1539:
        -: 1540:    return (keep_switch);
        -: 1541:}
function save_region_occ called 0 returned 0% blocks executed 0%
    #####: 1542:
        -: 1543:
        -: 1544:static void
        -: 1545:save_region_occ(float **old_region_occ_x,
        -: 1546:		float **old_region_occ_y,
        -: 1547:		int num_regions)
        -: 1548:{
        -: 1549:
        -: 1550:    /* Saves the old occupancies of the placement subregions in case the  *
        -: 1551:     * current move is not accepted.  Used only for NONLINEAR_CONG.       */
    #####: 1552:
branch  0 never executed
branch  1 never executed
        -: 1553:    int i, j;
    #####: 1554:
[...]
        -: 3593:	int y;
        -: 3594:	int z;
        -: 3595:    }
        -: 3596:    **pos;			/* [0..num_types-1][0..type_tsize - 1] */
        2: 3597:    int i, j, k, iblk, choice, type_index, x, y, z;
call    0 returned 100%
        2: 3598:    int *count, *index;		/* [0..num_types-1] */
call    0 returned 100%
        2: 3599:
call    0 returned 100%
        -: 3600:    pos = (struct s_pos **)my_malloc(num_types * sizeof(struct s_pos *));
        -: 3601:    count = (int *)my_calloc(num_types, sizeof(int));
        -: 3602:    index = (int *)my_calloc(num_types, sizeof(int));
       26: 3603:
branch  0 taken 92%
branch  1 taken 8% (fallthrough)
        -: 3604:    /* Initialize all occupancy to zero. */
      312: 3605:
branch  0 taken 92%
branch  1 taken 8% (fallthrough)
        -: 3606:    for(i = 0; i <= nx + 1; i++)
      288: 3607:	{
      722: 3608:	    for(j = 0; j <= ny + 1; j++)
branch  0 taken 60%
branch  1 taken 40% (fallthrough)
        -: 3609:		{
      434: 3610:		    grid[i][j].usage = 0;
      434: 3611:		    for(k = 0; k < grid[i][j].type->capacity; k++)
branch  0 taken 92% (fallthrough)
branch  1 taken 8%
        -: 3612:			{
      398: 3613:			    grid[i][j].blocks[k] = EMPTY;
        -: 3614:			    if(grid[i][j].offset == 0)
        -: 3615:				{
        -: 3616:				    count[grid[i][j].type->index]++;
        -: 3617:				}
        -: 3618:			}
       10: 3619:		}
branch  0 taken 80%
branch  1 taken 20% (fallthrough)
        -: 3620:	}
       16: 3621:
        8: 3622:    for(i = 0; i < num_types; i++)
call    0 returned 100%
        -: 3623:	{
        -: 3624:	    pos[i] =
       26: 3625:		(struct s_pos *)my_malloc(count[i] * sizeof(struct s_pos));
branch  0 taken 92%
branch  1 taken 8% (fallthrough)
        -: 3626:	}
      312: 3627:
branch  0 taken 92%
branch  1 taken 8% (fallthrough)
        -: 3628:    for(i = 0; i <= nx + 1; i++)
      722: 3629:	{
branch  0 taken 60%
branch  1 taken 40% (fallthrough)
        -: 3630:	    for(j = 0; j <= ny + 1; j++)
      434: 3631:		{
branch  0 taken 92% (fallthrough)
branch  1 taken 8%
        -: 3632:		    for(k = 0; k < grid[i][j].type->capacity; k++)
      398: 3633:			{
      398: 3634:			    if(grid[i][j].offset == 0)
      398: 3635:				{
      398: 3636:				    type_index = grid[i][j].type->index;
      398: 3637:				    pos[type_index][index[type_index]].x = i;
        -: 3638:				    pos[type_index][index[type_index]].y = j;
        -: 3639:				    pos[type_index][index[type_index]].z = k;
        -: 3640:				    index[type_index]++;
        -: 3641:				}
        -: 3642:			}
      278: 3643:		}
branch  0 taken 99%
branch  1 taken 1% (fallthrough)
        -: 3644:	}
        -: 3645:
      276: 3646:    for(iblk = 0; iblk < num_blocks; iblk++)
branch  0 taken 46% (fallthrough)
branch  1 taken 54%
branch  2 taken 100% (fallthrough)
branch  3 taken 0%
        -: 3647:	{
      276: 3648:	    /* Don't do IOs if the user specifies IOs */
      276: 3649:	    if(!(block[iblk].type == IO_TYPE && pad_loc_type == USER))
branch  0 taken 0% (fallthrough)
branch  1 taken 100%
call    2 never executed
      276: 3650:		{
call    0 returned 100%
      276: 3651:		    type_index = block[iblk].type->index;
      276: 3652:		    assert(count[type_index] > 0);
      276: 3653:		    choice = my_irand(count[type_index] - 1);
      276: 3654:		    x = pos[type_index][choice].x;
      276: 3655:		    y = pos[type_index][choice].y;
        -: 3656:		    z = pos[type_index][choice].z;
        -: 3657:		    grid[x][y].blocks[z] = iblk;
      276: 3658:		    grid[x][y].usage++;
      276: 3659:
        -: 3660:		    /* Ensure randomizer doesn't pick this block again */
        -: 3661:		    pos[type_index][choice] = pos[type_index][count[type_index] - 1];	/* overwrite used block position */
        -: 3662:		    count[type_index]--;
        2: 3663:		}
branch  0 taken 0% (fallthrough)
branch  1 taken 100%
        -: 3664:	}
    #####: 3665:
call    0 never executed
        -: 3666:    if(pad_loc_type == USER)
        -: 3667:	{
        -: 3668:	    read_user_pad_loc(pad_loc_file);
        -: 3669:	}
        -: 3670:
       26: 3671:    /* All the blocks are placed now.  Make the block array agree with the    *
branch  0 taken 92%
branch  1 taken 8% (fallthrough)
        -: 3672:     * clb array.                                                             */
      312: 3673:
branch  0 taken 92%
branch  1 taken 8% (fallthrough)
        -: 3674:    for(i = 0; i <= (nx + 1); i++)
      722: 3675:	{
branch  0 taken 60%
branch  1 taken 40% (fallthrough)
        -: 3676:	    for(j = 0; j <= (ny + 1); j++)
      434: 3677:		{
branch  0 taken 0% (fallthrough)
branch  1 taken 100%
call    2 never executed
      434: 3678:		    for(k = 0; k < grid[i][j].type->capacity; k++)
        -: 3679:			{
      434: 3680:			    assert(grid[i][j].blocks != NULL);
branch  0 taken 64% (fallthrough)
branch  1 taken 36%
        -: 3681:			    iblk = grid[i][j].blocks[k];
      276: 3682:
      276: 3683:			    if(iblk != EMPTY)
      276: 3684:				{
        -: 3685:				    block[iblk].x = i;
        -: 3686:				    block[iblk].y = j;
        -: 3687:				    block[iblk].z = k;
        -: 3688:				}
        -: 3689:			}
        -: 3690:		}
        -: 3691:	}
        -: 3692:
        -: 3693:#ifdef VERBOSE
       10: 3694:    printf("At end of initial_placement.\n");
branch  0 taken 80%
branch  1 taken 20% (fallthrough)
        -: 3695:    dump_clbs();
        8: 3696:#endif
        -: 3697:    for(i = 0; i < num_types; i++)
        2: 3698:	{
        2: 3699:	    free(pos[i]);
        2: 3700:	}
        2: 3701:    free(pos);			/* Free the mapping list */
        -: 3702:    free(index);
        -: 3703:    free(count);
        -: 3704:}
function free_fast_cost_update_structs called 2 returned 100% blocks executed 100%
        2: 3705:
        -: 3706:
        -: 3707:static void
        -: 3708:free_fast_cost_update_structs(void)
        -: 3709:{
        -: 3710:
        -: 3711:    /* Frees the structures used to speed up evaluation of the nonlinear   *
        -: 3712:     * congestion cost function.                                           */
       24: 3713:
branch  0 taken 92%
branch  1 taken 8% (fallthrough)
       22: 3714:    int i;
        -: 3715:
        2: 3716:    for(i = 0; i <= ny; i++)
        -: 3717:	free(chanx_place_cost_fac[i]);
       24: 3718:
branch  0 taken 92%
branch  1 taken 8% (fallthrough)
       22: 3719:    free(chanx_place_cost_fac);
        -: 3720:
        2: 3721:    for(i = 0; i <= nx; i++)
        2: 3722:	free(chany_place_cost_fac[i]);
        -: 3723:
        -: 3724:    free(chany_place_cost_fac);
        -: 3725:}
function alloc_and_load_for_fast_cost_update called 2 returned 100% blocks executed 100%
        2: 3726:
        -: 3727:
        -: 3728:static void
        -: 3729:alloc_and_load_for_fast_cost_update(float place_cost_exp)
        -: 3730:{
        -: 3731:
        -: 3732:    /* Allocates and loads the chanx_place_cost_fac and chany_place_cost_fac *
        -: 3733:     * arrays with the inverse of the average number of tracks per channel   *
        -: 3734:     * between [subhigh] and [sublow].  This is only useful for the cost     *
        -: 3735:     * function that takes the length of the net bounding box in each        *
        -: 3736:     * dimension divided by the average number of tracks in that direction.  *
        -: 3737:     * For other cost functions, you don't have to bother calling this       *
        -: 3738:     * routine; when using the cost function described above, however, you   *
        -: 3739:     * must always call this routine after you call init_chan and before     *
        -: 3740:     * you do any placement cost determination.  The place_cost_exp factor   *
        -: 3741:     * specifies to what power the width of the channel should be taken --   *
        -: 3742:     * larger numbers make narrower channels more expensive.                 */
        -: 3743:
        -: 3744:    int low, high, i;
        -: 3745:
        -: 3746:    /* Access arrays below as chan?_place_cost_fac[subhigh][sublow].  Since   *
        2: 3747:     * subhigh must be greater than or equal to sublow, we only need to       *
call    0 returned 100%
       24: 3748:     * allocate storage for the lower half of a matrix.                       */
branch  0 taken 92%
branch  1 taken 8% (fallthrough)
       22: 3749:
call    0 returned 100%
        -: 3750:    chanx_place_cost_fac = (float **)my_malloc((ny + 1) * sizeof(float *));
        2: 3751:    for(i = 0; i <= ny; i++)
call    0 returned 100%
       24: 3752:	chanx_place_cost_fac[i] = (float *)my_malloc((i + 1) * sizeof(float));
branch  0 taken 92%
branch  1 taken 8% (fallthrough)
       22: 3753:
call    0 returned 100%
        -: 3754:    chany_place_cost_fac = (float **)my_malloc((nx + 1) * sizeof(float *));
        -: 3755:    for(i = 0; i <= nx; i++)
        -: 3756:	chany_place_cost_fac[i] = (float *)my_malloc((i + 1) * sizeof(float));
        -: 3757:
        -: 3758:
        2: 3759:    /* First compute the number of tracks between channel high and channel *
        -: 3760:     * low, inclusive, in an efficient manner.                             */
       22: 3761:
branch  0 taken 91%
branch  1 taken 9% (fallthrough)
        -: 3762:    chanx_place_cost_fac[0][0] = chan_width_x[0];
       20: 3763:
      130: 3764:    for(high = 1; high <= ny; high++)
branch  0 taken 85%
branch  1 taken 15% (fallthrough)
        -: 3765:	{
      220: 3766:	    chanx_place_cost_fac[high][high] = chan_width_x[high];
      220: 3767:	    for(low = 0; low < high; low++)
      110: 3768:		{
        -: 3769:		    chanx_place_cost_fac[high][low] =
        -: 3770:			chanx_place_cost_fac[high - 1][low] +
        -: 3771:			chan_width_x[high];
        -: 3772:		}
        -: 3773:	}
        -: 3774:
        -: 3775:    /* Now compute the inverse of the average number of tracks per channel *
        -: 3776:     * between high and low.  The cost function divides by the average     *
        -: 3777:     * number of tracks per channel, so by storing the inverse I convert   *
        -: 3778:     * this to a faster multiplication.  Take this final number to the     *
        -: 3779:     * place_cost_exp power -- numbers other than one mean this is no      *
       24: 3780:     * longer a simple "average number of tracks"; it is some power of     *
branch  0 taken 92%
branch  1 taken 8% (fallthrough)
      154: 3781:     * that, allowing greater penalization of narrow channels.             */
branch  0 taken 86%
branch  1 taken 14% (fallthrough)
        -: 3782:
      264: 3783:    for(high = 0; high <= ny; high++)
      132: 3784:	for(low = 0; low <= high; low++)
      264: 3785:	    {
      132: 3786:		chanx_place_cost_fac[high][low] = (high - low + 1.) /
        -: 3787:		    chanx_place_cost_fac[high][low];
        -: 3788:		chanx_place_cost_fac[high][low] =
        -: 3789:		    pow((double)chanx_place_cost_fac[high][low],
        -: 3790:			(double)place_cost_exp);
        -: 3791:	    }
        -: 3792:
        -: 3793:
        2: 3794:    /* Now do the same thing for the y-directed channels.  First get the  *
        -: 3795:     * number of tracks between channel high and channel low, inclusive.  */
       22: 3796:
branch  0 taken 91%
branch  1 taken 9% (fallthrough)
        -: 3797:    chany_place_cost_fac[0][0] = chan_width_y[0];
       20: 3798:
      130: 3799:    for(high = 1; high <= nx; high++)
branch  0 taken 85%
branch  1 taken 15% (fallthrough)
        -: 3800:	{
      220: 3801:	    chany_place_cost_fac[high][high] = chan_width_y[high];
      220: 3802:	    for(low = 0; low < high; low++)
      110: 3803:		{
        -: 3804:		    chany_place_cost_fac[high][low] =
        -: 3805:			chany_place_cost_fac[high - 1][low] +
        -: 3806:			chan_width_y[high];
        -: 3807:		}
        -: 3808:	}
        -: 3809:
       24: 3810:    /* Now compute the inverse of the average number of tracks per channel * 
branch  0 taken 92%
branch  1 taken 8% (fallthrough)
      154: 3811:     * between high and low.  Take to specified power.                     */
branch  0 taken 86%
branch  1 taken 14% (fallthrough)
        -: 3812:
      264: 3813:    for(high = 0; high <= nx; high++)
      132: 3814:	for(low = 0; low <= high; low++)
      264: 3815:	    {
      132: 3816:		chany_place_cost_fac[high][low] = (high - low + 1.) /
        -: 3817:		    chany_place_cost_fac[high][low];
        -: 3818:		chany_place_cost_fac[high][low] =
        2: 3819:		    pow((double)chany_place_cost_fac[high][low],
        -: 3820:			(double)place_cost_exp);
        -: 3821:	    }
        -: 3822:}
function check_place called 2 returned 100% blocks executed 70%
        2: 3823:
        -: 3824:
        -: 3825:static void
        -: 3826:check_place(float bb_cost,
        -: 3827:	    float timing_cost,
        -: 3828:	    int place_cost_type,
        -: 3829:	    int num_regions,
        -: 3830:	    enum e_place_algorithm place_algorithm,
        -: 3831:	    float delay_cost)
        -: 3832:{
        -: 3833:
        -: 3834:    /* Checks that the placement has not confused our data structures. *
        -: 3835:     * i.e. the clb and block structures agree about the locations of  *
        -: 3836:     * every block, blocks are in legal spots, etc.  Also recomputes   *
        -: 3837:     * the final placement cost from scratch and makes sure it is      *
        2: 3838:     * within roundoff of what we think the cost is.                   */
        -: 3839:
        -: 3840:    static int *bdone;
        -: 3841:    int i, j, k, error = 0, bnum;
        -: 3842:    float bb_cost_check;
        2: 3843:    int usage_check;
call    0 returned 100%
        2: 3844:    float timing_cost_check, delay_cost_check;
call    0 returned 100%
        2: 3845:
branch  0 taken 0% (fallthrough)
branch  1 taken 100%
        -: 3846:    bb_cost_check = comp_bb_cost(CHECK, place_cost_type, num_regions);
    #####: 3847:    printf("bb_cost recomputed from scratch is %g.\n", bb_cost_check);
call    0 never executed
        -: 3848:    if(fabs(bb_cost_check - bb_cost) > bb_cost * ERROR_TOL)
        -: 3849:	{
    #####: 3850:	    printf
        -: 3851:		("Error:  bb_cost_check: %g and bb_cost: %g differ in check_place.\n",
        -: 3852:		 bb_cost_check, bb_cost);
        2: 3853:	    error++;
branch  0 taken 100% (fallthrough)
branch  1 taken 0%
branch  2 taken 100% (fallthrough)
branch  3 taken 0%
        -: 3854:	}
        -: 3855:
        2: 3856:    if(place_algorithm == NET_TIMING_DRIVEN_PLACE ||
call    0 returned 100%
        2: 3857:       place_algorithm == PATH_TIMING_DRIVEN_PLACE)
call    0 returned 100%
        -: 3858:	{
        4: 3859:	    comp_td_costs(&timing_cost_check, &delay_cost_check);
branch  0 taken 0% (fallthrough)
branch  1 taken 100%
        2: 3860:	    printf("timing_cost recomputed from scratch is %g. \n",
        -: 3861:		   timing_cost_check);
    #####: 3862:	    if(fabs(timing_cost_check - timing_cost) >
call    0 never executed
        -: 3863:	       timing_cost * ERROR_TOL)
        -: 3864:		{
    #####: 3865:		    printf("Error:  timing_cost_check: %g and timing_cost: "
        -: 3866:			   "%g differ in check_place.\n",
        2: 3867:			   timing_cost_check, timing_cost);
call    0 returned 100%
        -: 3868:		    error++;
        2: 3869:		}
branch  0 taken 0% (fallthrough)
branch  1 taken 100%
        -: 3870:	    printf("delay_cost recomputed from scratch is %g. \n",
    #####: 3871:		   delay_cost_check);
call    0 never executed
        -: 3872:	    if(fabs(delay_cost_check - delay_cost) > delay_cost * ERROR_TOL)
        -: 3873:		{
    #####: 3874:		    printf("Error:  delay_cost_check: %g and delay_cost: "
        -: 3875:			   "%g differ in check_place.\n",
        -: 3876:			   delay_cost_check, delay_cost);
        -: 3877:		    error++;
        2: 3878:		}
call    0 returned 100%
      278: 3879:	}
branch  0 taken 99%
branch  1 taken 1% (fallthrough)
      276: 3880:
        -: 3881:    bdone = (int *)my_malloc(num_blocks * sizeof(int));
        -: 3882:    for(i = 0; i < num_blocks; i++)
       26: 3883:	bdone[i] = 0;
branch  0 taken 92%
branch  1 taken 8% (fallthrough)
      312: 3884:
branch  0 taken 92%
branch  1 taken 8% (fallthrough)
        -: 3885:    /* Step through grid array. Check it against block array. */
      288: 3886:    for(i = 0; i <= (nx + 1); i++)
branch  0 taken 0% (fallthrough)
branch  1 taken 100%
        -: 3887:	for(j = 0; j <= (ny + 1); j++)
    #####: 3888:	    {
call    0 never executed
        -: 3889:		if(grid[i][j].usage > grid[i][j].type->capacity)
    #####: 3890:		    {
    #####: 3891:			printf
        -: 3892:			    ("Error:  block at grid location (%d,%d) overused. "
      288: 3893:			     "Usage is %d\n", i, j, grid[i][j].usage);
      722: 3894:			error++;
branch  0 taken 60%
branch  1 taken 40% (fallthrough)
        -: 3895:		    }
      434: 3896:		usage_check = 0;
      434: 3897:		for(k = 0; k < grid[i][j].type->capacity; k++)
branch  0 taken 36% (fallthrough)
branch  1 taken 64%
      158: 3898:		    {
        -: 3899:			bnum = grid[i][j].blocks[k];
      276: 3900:			if(EMPTY == bnum)
branch  0 taken 0% (fallthrough)
branch  1 taken 100%
        -: 3901:			    continue;
    #####: 3902:
call    0 never executed
        -: 3903:			if(block[bnum].type != grid[i][j].type)
        -: 3904:			    {
    #####: 3905:				printf
        -: 3906:				    ("Error:  block %d type does not match grid location (%d,%d) type.\n",
      276: 3907:				     bnum, i, j);
branch  0 taken 100% (fallthrough)
branch  1 taken 0%
branch  2 taken 0% (fallthrough)
branch  3 taken 100%
        -: 3908:				error++;
    #####: 3909:			    }
call    0 never executed
        -: 3910:			if((block[bnum].x != i) || (block[bnum].y != j))
        -: 3911:			    {
    #####: 3912:				printf
        -: 3913:				    ("Error:  block %d location conflicts with grid(%d,%d)"
      276: 3914:				     "data.\n", bnum, i, j);
      276: 3915:				error++;
        -: 3916:			    }
      288: 3917:			++usage_check;
branch  0 taken 0% (fallthrough)
branch  1 taken 100%
        -: 3918:			bdone[bnum]++;
    #####: 3919:		    }
call    0 never executed
        -: 3920:		if(usage_check != grid[i][j].usage)
    #####: 3921:		    {
        -: 3922:			printf
        -: 3923:			    ("Error:  Location (%d,%d) usage is %d, but has actual usage %d.\n",
        -: 3924:			     i, j, grid[i][j].usage, usage_check);
        -: 3925:		    }
      278: 3926:	    }
branch  0 taken 99%
branch  1 taken 1% (fallthrough)
      276: 3927:
branch  0 taken 0% (fallthrough)
branch  1 taken 100%
        -: 3928:    /* Check that every block exists in the grid and block arrays somewhere. */
    #####: 3929:    for(i = 0; i < num_blocks; i++)
call    0 never executed
        -: 3930:	if(bdone[i] != 1)
    #####: 3931:	    {
    #####: 3932:		printf
        -: 3933:		    ("Error:  block %d listed %d times in data structures.\n",
        2: 3934:		     i, bdone[i]);
        -: 3935:		error++;
        2: 3936:	    }
branch  0 taken 100% (fallthrough)
branch  1 taken 0%
        -: 3937:    free(bdone);
        2: 3938:
call    0 returned 100%
        -: 3939:    if(error == 0)
        -: 3940:	{
        -: 3941:	    printf
        -: 3942:		("\nCompleted placement consistency check successfully.\n\n");
        -: 3943:#ifdef PRINT_REL_POS_DISTR
        -: 3944:	    print_relative_pos_distr();
        -: 3945:#endif
    #####: 3946:	}
call    0 never executed
        -: 3947:    else
        -: 3948:	{
    #####: 3949:	    printf
call    0 never executed
    #####: 3950:		("\nCompleted placement consistency check, %d Errors found.\n\n",
        -: 3951:		 error);
        2: 3952:	    printf("Aborting program.\n");
        -: 3953:	    exit(1);
        -: 3954:	}
        -: 3955:}
